[11-Sep-2017 01:39:57 Asia/Tokyo] PHP Parse error:  syntax error, unexpected 'protected' (T_PROTECTED) in /home/ubuntu/workspace/microposts/app/Http/Controllers/Auth/AuthController.php on line 11
[11-Sep-2017 01:39:57 Asia/Tokyo] PHP Stack trace:
[11-Sep-2017 01:39:57 Asia/Tokyo] PHP   1. {main}() /home/ubuntu/workspace/microposts/server.php:0
[11-Sep-2017 01:39:57 Asia/Tokyo] PHP   2. require_once() /home/ubuntu/workspace/microposts/server.php:21
[11-Sep-2017 01:39:57 Asia/Tokyo] PHP   3. Illuminate\Foundation\Http\Kernel->handle() /home/ubuntu/workspace/microposts/public/index.php:54
[11-Sep-2017 01:39:57 Asia/Tokyo] PHP   4. Illuminate\Foundation\Http\Kernel->sendRequestThroughRouter() /home/ubuntu/workspace/microposts/vendor/laravel/framework/src/Illuminate/Foundation/Http/Kernel.php:87
[11-Sep-2017 01:39:57 Asia/Tokyo] PHP   5. Illuminate\Pipeline\Pipeline->then() /home/ubuntu/workspace/microposts/vendor/laravel/framework/src/Illuminate/Foundation/Http/Kernel.php:122
[11-Sep-2017 01:39:57 Asia/Tokyo] PHP   6. call_user_func:{/home/ubuntu/workspace/microposts/vendor/laravel/framework/src/Illuminate/Pipeline/Pipeline.php:103}() /home/ubuntu/workspace/microposts/vendor/laravel/framework/src/Illuminate/Pipeline/Pipeline.php:103
[11-Sep-2017 01:39:57 Asia/Tokyo] PHP   7. Illuminate\Pipeline\Pipeline->Illuminate\Pipeline\{closure}() /home/ubuntu/workspace/microposts/vendor/laravel/framework/src/Illuminate/Pipeline/Pipeline.php:103
[11-Sep-2017 01:39:57 Asia/Tokyo] PHP   8. call_user_func_array:{/home/ubuntu/workspace/microposts/vendor/laravel/framework/src/Illuminate/Pipeline/Pipeline.php:124}() /home/ubuntu/workspace/microposts/vendor/laravel/framework/src/Illuminate/Pipeline/Pipeline.php:124
[11-Sep-2017 01:39:57 Asia/Tokyo] PHP   9. Illuminate\Foundation\Http\Middleware\CheckForMaintenanceMode->handle() /home/ubuntu/workspace/microposts/vendor/laravel/framework/src/Illuminate/Pipeline/Pipeline.php:124
[11-Sep-2017 01:39:57 Asia/Tokyo] PHP  10. Illuminate\Pipeline\Pipeline->Illuminate\Pipeline\{closure}() /home/ubuntu/workspace/microposts/vendor/laravel/framework/src/Illuminate/Foundation/Http/Middleware/CheckForMaintenanceMode.php:44
[11-Sep-2017 01:39:57 Asia/Tokyo] PHP  11. call_user_func_array:{/home/ubuntu/workspace/microposts/vendor/laravel/framework/src/Illuminate/Pipeline/Pipeline.php:124}() /home/ubuntu/workspace/microposts/vendor/laravel/framework/src/Illuminate/Pipeline/Pipeline.php:124
[11-Sep-2017 01:39:57 Asia/Tokyo] PHP  12. Illuminate\Cookie\Middleware\EncryptCookies->handle() /home/ubuntu/workspace/microposts/vendor/laravel/framework/src/Illuminate/Pipeline/Pipeline.php:124
[11-Sep-2017 01:39:57 Asia/Tokyo] PHP  13. Illuminate\Pipeline\Pipeline->Illuminate\Pipeline\{closure}() /home/ubuntu/workspace/microposts/vendor/laravel/framework/src/Illuminate/Cookie/Middleware/EncryptCookies.php:59
[11-Sep-2017 01:39:57 Asia/Tokyo] PHP  14. call_user_func_array:{/home/ubuntu/workspace/microposts/vendor/laravel/framework/src/Illuminate/Pipeline/Pipeline.php:124}() /home/ubuntu/workspace/microposts/vendor/laravel/framework/src/Illuminate/Pipeline/Pipeline.php:124
[11-Sep-2017 01:39:57 Asia/Tokyo] PHP  15. Illuminate\Cookie\Middleware\AddQueuedCookiesToResponse->handle() /home/ubuntu/workspace/microposts/vendor/laravel/framework/src/Illuminate/Pipeline/Pipeline.php:124
[11-Sep-2017 01:39:57 Asia/Tokyo] PHP  16. Illuminate\Pipeline\Pipeline->Illuminate\Pipeline\{closure}() /home/ubuntu/workspace/microposts/vendor/laravel/framework/src/Illuminate/Cookie/Middleware/AddQueuedCookiesToResponse.php:37
[11-Sep-2017 01:39:57 Asia/Tokyo] PHP  17. call_user_func_array:{/home/ubuntu/workspace/microposts/vendor/laravel/framework/src/Illuminate/Pipeline/Pipeline.php:124}() /home/ubuntu/workspace/microposts/vendor/laravel/framework/src/Illuminate/Pipeline/Pipeline.php:124
[11-Sep-2017 01:39:57 Asia/Tokyo] PHP  18. Illuminate\Session\Middleware\StartSession->handle() /home/ubuntu/workspace/microposts/vendor/laravel/framework/src/Illuminate/Pipeline/Pipeline.php:124
[11-Sep-2017 01:39:57 Asia/Tokyo] PHP  19. Illuminate\Pipeline\Pipeline->Illuminate\Pipeline\{closure}() /home/ubuntu/workspace/microposts/vendor/laravel/framework/src/Illuminate/Session/Middleware/StartSession.php:62
[11-Sep-2017 01:39:57 Asia/Tokyo] PHP  20. call_user_func_array:{/home/ubuntu/workspace/microposts/vendor/laravel/framework/src/Illuminate/Pipeline/Pipeline.php:124}() /home/ubuntu/workspace/microposts/vendor/laravel/framework/src/Illuminate/Pipeline/Pipeline.php:124
[11-Sep-2017 01:39:57 Asia/Tokyo] PHP  21. Illuminate\View\Middleware\ShareErrorsFromSession->handle() /home/ubuntu/workspace/microposts/vendor/laravel/framework/src/Illuminate/Pipeline/Pipeline.php:124
[11-Sep-2017 01:39:57 Asia/Tokyo] PHP  22. Illuminate\Pipeline\Pipeline->Illuminate\Pipeline\{closure}() /home/ubuntu/workspace/microposts/vendor/laravel/framework/src/Illuminate/View/Middleware/ShareErrorsFromSession.php:49
[11-Sep-2017 01:39:57 Asia/Tokyo] PHP  23. call_user_func_array:{/home/ubuntu/workspace/microposts/vendor/laravel/framework/src/Illuminate/Pipeline/Pipeline.php:124}() /home/ubuntu/workspace/microposts/vendor/laravel/framework/src/Illuminate/Pipeline/Pipeline.php:124
[11-Sep-2017 01:39:57 Asia/Tokyo] PHP  24. Illuminate\Foundation\Http\Middleware\VerifyCsrfToken->handle() /home/ubuntu/workspace/microposts/vendor/laravel/framework/src/Illuminate/Pipeline/Pipeline.php:124
[11-Sep-2017 01:39:57 Asia/Tokyo] PHP  25. Illuminate\Pipeline\Pipeline->Illuminate\Pipeline\{closure}() /home/ubuntu/workspace/microposts/vendor/laravel/framework/src/Illuminate/Foundation/Http/Middleware/VerifyCsrfToken.php:50
[11-Sep-2017 01:39:57 Asia/Tokyo] PHP  26. call_user_func:{/home/ubuntu/workspace/microposts/vendor/laravel/framework/src/Illuminate/Pipeline/Pipeline.php:139}() /home/ubuntu/workspace/microposts/vendor/laravel/framework/src/Illuminate/Pipeline/Pipeline.php:139
[11-Sep-2017 01:39:57 Asia/Tokyo] PHP  27. Illuminate\Foundation\Http\Kernel->Illuminate\Foundation\Http\{closure}() /home/ubuntu/workspace/microposts/vendor/laravel/framework/src/Illuminate/Pipeline/Pipeline.php:139
[11-Sep-2017 01:39:57 Asia/Tokyo] PHP  28. Illuminate\Routing\Router->dispatch() /home/ubuntu/workspace/microposts/vendor/laravel/framework/src/Illuminate/Foundation/Http/Kernel.php:236
[11-Sep-2017 01:39:57 Asia/Tokyo] PHP  29. Illuminate\Routing\Router->dispatchToRoute() /home/ubuntu/workspace/microposts/vendor/laravel/framework/src/Illuminate/Routing/Router.php:635
[11-Sep-2017 01:39:57 Asia/Tokyo] PHP  30. Illuminate\Routing\Router->runRouteWithinStack() /home/ubuntu/workspace/microposts/vendor/laravel/framework/src/Illuminate/Routing/Router.php:675
[11-Sep-2017 01:39:57 Asia/Tokyo] PHP  31. Illuminate\Pipeline\Pipeline->then() /home/ubuntu/workspace/microposts/vendor/laravel/framework/src/Illuminate/Routing/Router.php:710
[11-Sep-2017 01:39:57 Asia/Tokyo] PHP  32. call_user_func:{/home/ubuntu/workspace/microposts/vendor/laravel/framework/src/Illuminate/Pipeline/Pipeline.php:103}() /home/ubuntu/workspace/microposts/vendor/laravel/framework/src/Illuminate/Pipeline/Pipeline.php:103
[11-Sep-2017 01:39:57 Asia/Tokyo] PHP  33. Illuminate\Pipeline\Pipeline->Illuminate\Pipeline\{closure}() /home/ubuntu/workspace/microposts/vendor/laravel/framework/src/Illuminate/Pipeline/Pipeline.php:103
[11-Sep-2017 01:39:57 Asia/Tokyo] PHP  34. call_user_func:{/home/ubuntu/workspace/microposts/vendor/laravel/framework/src/Illuminate/Pipeline/Pipeline.php:139}() /home/ubuntu/workspace/microposts/vendor/laravel/framework/src/Illuminate/Pipeline/Pipeline.php:139
[11-Sep-2017 01:39:57 Asia/Tokyo] PHP  35. Illuminate\Routing\Router->Illuminate\Routing\{closure}() /home/ubuntu/workspace/microposts/vendor/laravel/framework/src/Illuminate/Pipeline/Pipeline.php:139
[11-Sep-2017 01:39:57 Asia/Tokyo] PHP  36. Illuminate\Routing\Route->run() /home/ubuntu/workspace/microposts/vendor/laravel/framework/src/Illuminate/Routing/Router.php:708
[11-Sep-2017 01:39:57 Asia/Tokyo] PHP  37. Illuminate\Routing\Route->runWithCustomDispatcher() /home/ubuntu/workspace/microposts/vendor/laravel/framework/src/Illuminate/Routing/Route.php:134
[11-Sep-2017 01:39:57 Asia/Tokyo] PHP  38. Illuminate\Routing\ControllerDispatcher->dispatch() /home/ubuntu/workspace/microposts/vendor/laravel/framework/src/Illuminate/Routing/Route.php:203
[11-Sep-2017 01:39:57 Asia/Tokyo] PHP  39. Illuminate\Routing\ControllerDispatcher->makeController() /home/ubuntu/workspace/microposts/vendor/laravel/framework/src/Illuminate/Routing/ControllerDispatcher.php:57
[11-Sep-2017 01:39:57 Asia/Tokyo] PHP  40. Illuminate\Foundation\Application->make() /home/ubuntu/workspace/microposts/vendor/laravel/framework/src/Illuminate/Routing/ControllerDispatcher.php:85
[11-Sep-2017 01:39:57 Asia/Tokyo] PHP  41. Illuminate\Container\Container->make() /home/ubuntu/workspace/microposts/vendor/laravel/framework/src/Illuminate/Foundation/Application.php:674
[11-Sep-2017 01:39:57 Asia/Tokyo] PHP  42. Illuminate\Container\Container->build() /home/ubuntu/workspace/microposts/vendor/laravel/framework/src/Illuminate/Container/Container.php:631
[11-Sep-2017 01:39:57 Asia/Tokyo] PHP  43. ReflectionClass->__construct() /home/ubuntu/workspace/microposts/vendor/laravel/framework/src/Illuminate/Container/Container.php:741
[11-Sep-2017 01:39:57 Asia/Tokyo] PHP  44. spl_autoload_call() /home/ubuntu/workspace/microposts/vendor/laravel/framework/src/Illuminate/Container/Container.php:741
[11-Sep-2017 01:39:57 Asia/Tokyo] PHP  45. Composer\Autoload\ClassLoader->loadClass() /home/ubuntu/workspace/microposts/vendor/laravel/framework/src/Illuminate/Container/Container.php:741
[11-Sep-2017 01:39:57 Asia/Tokyo] PHP  46. Composer\Autoload\includeFile() /home/ubuntu/workspace/microposts/vendor/composer/ClassLoader.php:322
[20-Sep-2017 20:18:39 Asia/Tokyo] PHP Fatal error:  Class 'App\Http\Controllers\App\Micropost' not found in /home/ubuntu/workspace/microposts/app/Http/Controllers/MicropostsController.php on line 93
[20-Sep-2017 20:18:39 Asia/Tokyo] PHP Stack trace:
[20-Sep-2017 20:18:39 Asia/Tokyo] PHP   1. {main}() /home/ubuntu/workspace/microposts/server.php:0
[20-Sep-2017 20:18:39 Asia/Tokyo] PHP   2. require_once() /home/ubuntu/workspace/microposts/server.php:21
[20-Sep-2017 20:18:39 Asia/Tokyo] PHP   3. Illuminate\Foundation\Http\Kernel->handle() /home/ubuntu/workspace/microposts/public/index.php:54
[20-Sep-2017 20:18:39 Asia/Tokyo] PHP   4. Illuminate\Foundation\Http\Kernel->sendRequestThroughRouter() /home/ubuntu/workspace/microposts/vendor/laravel/framework/src/Illuminate/Foundation/Http/Kernel.php:87
[20-Sep-2017 20:18:39 Asia/Tokyo] PHP   5. Illuminate\Pipeline\Pipeline->then() /home/ubuntu/workspace/microposts/vendor/laravel/framework/src/Illuminate/Foundation/Http/Kernel.php:122
[20-Sep-2017 20:18:39 Asia/Tokyo] PHP   6. call_user_func:{/home/ubuntu/workspace/microposts/vendor/laravel/framework/src/Illuminate/Pipeline/Pipeline.php:103}() /home/ubuntu/workspace/microposts/vendor/laravel/framework/src/Illuminate/Pipeline/Pipeline.php:103
[20-Sep-2017 20:18:39 Asia/Tokyo] PHP   7. Illuminate\Pipeline\Pipeline->Illuminate\Pipeline\{closure}() /home/ubuntu/workspace/microposts/vendor/laravel/framework/src/Illuminate/Pipeline/Pipeline.php:103
[20-Sep-2017 20:18:39 Asia/Tokyo] PHP   8. call_user_func_array:{/home/ubuntu/workspace/microposts/vendor/laravel/framework/src/Illuminate/Pipeline/Pipeline.php:124}() /home/ubuntu/workspace/microposts/vendor/laravel/framework/src/Illuminate/Pipeline/Pipeline.php:124
[20-Sep-2017 20:18:39 Asia/Tokyo] PHP   9. Illuminate\Foundation\Http\Middleware\CheckForMaintenanceMode->handle() /home/ubuntu/workspace/microposts/vendor/laravel/framework/src/Illuminate/Pipeline/Pipeline.php:124
[20-Sep-2017 20:18:39 Asia/Tokyo] PHP  10. Illuminate\Pipeline\Pipeline->Illuminate\Pipeline\{closure}() /home/ubuntu/workspace/microposts/vendor/laravel/framework/src/Illuminate/Foundation/Http/Middleware/CheckForMaintenanceMode.php:44
[20-Sep-2017 20:18:39 Asia/Tokyo] PHP  11. call_user_func_array:{/home/ubuntu/workspace/microposts/vendor/laravel/framework/src/Illuminate/Pipeline/Pipeline.php:124}() /home/ubuntu/workspace/microposts/vendor/laravel/framework/src/Illuminate/Pipeline/Pipeline.php:124
[20-Sep-2017 20:18:39 Asia/Tokyo] PHP  12. Illuminate\Cookie\Middleware\EncryptCookies->handle() /home/ubuntu/workspace/microposts/vendor/laravel/framework/src/Illuminate/Pipeline/Pipeline.php:124
[20-Sep-2017 20:18:39 Asia/Tokyo] PHP  13. Illuminate\Pipeline\Pipeline->Illuminate\Pipeline\{closure}() /home/ubuntu/workspace/microposts/vendor/laravel/framework/src/Illuminate/Cookie/Middleware/EncryptCookies.php:59
[20-Sep-2017 20:18:39 Asia/Tokyo] PHP  14. call_user_func_array:{/home/ubuntu/workspace/microposts/vendor/laravel/framework/src/Illuminate/Pipeline/Pipeline.php:124}() /home/ubuntu/workspace/microposts/vendor/laravel/framework/src/Illuminate/Pipeline/Pipeline.php:124
[20-Sep-2017 20:18:39 Asia/Tokyo] PHP  15. Illuminate\Cookie\Middleware\AddQueuedCookiesToResponse->handle() /home/ubuntu/workspace/microposts/vendor/laravel/framework/src/Illuminate/Pipeline/Pipeline.php:124
[20-Sep-2017 20:18:39 Asia/Tokyo] PHP  16. Illuminate\Pipeline\Pipeline->Illuminate\Pipeline\{closure}() /home/ubuntu/workspace/microposts/vendor/laravel/framework/src/Illuminate/Cookie/Middleware/AddQueuedCookiesToResponse.php:37
[20-Sep-2017 20:18:39 Asia/Tokyo] PHP  17. call_user_func_array:{/home/ubuntu/workspace/microposts/vendor/laravel/framework/src/Illuminate/Pipeline/Pipeline.php:124}() /home/ubuntu/workspace/microposts/vendor/laravel/framework/src/Illuminate/Pipeline/Pipeline.php:124
[20-Sep-2017 20:18:39 Asia/Tokyo] PHP  18. Illuminate\Session\Middleware\StartSession->handle() /home/ubuntu/workspace/microposts/vendor/laravel/framework/src/Illuminate/Pipeline/Pipeline.php:124
[20-Sep-2017 20:18:39 Asia/Tokyo] PHP  19. Illuminate\Pipeline\Pipeline->Illuminate\Pipeline\{closure}() /home/ubuntu/workspace/microposts/vendor/laravel/framework/src/Illuminate/Session/Middleware/StartSession.php:62
[20-Sep-2017 20:18:39 Asia/Tokyo] PHP  20. call_user_func_array:{/home/ubuntu/workspace/microposts/vendor/laravel/framework/src/Illuminate/Pipeline/Pipeline.php:124}() /home/ubuntu/workspace/microposts/vendor/laravel/framework/src/Illuminate/Pipeline/Pipeline.php:124
[20-Sep-2017 20:18:39 Asia/Tokyo] PHP  21. Illuminate\View\Middleware\ShareErrorsFromSession->handle() /home/ubuntu/workspace/microposts/vendor/laravel/framework/src/Illuminate/Pipeline/Pipeline.php:124
[20-Sep-2017 20:18:39 Asia/Tokyo] PHP  22. Illuminate\Pipeline\Pipeline->Illuminate\Pipeline\{closure}() /home/ubuntu/workspace/microposts/vendor/laravel/framework/src/Illuminate/View/Middleware/ShareErrorsFromSession.php:49
[20-Sep-2017 20:18:39 Asia/Tokyo] PHP  23. call_user_func_array:{/home/ubuntu/workspace/microposts/vendor/laravel/framework/src/Illuminate/Pipeline/Pipeline.php:124}() /home/ubuntu/workspace/microposts/vendor/laravel/framework/src/Illuminate/Pipeline/Pipeline.php:124
[20-Sep-2017 20:18:39 Asia/Tokyo] PHP  24. Illuminate\Foundation\Http\Middleware\VerifyCsrfToken->handle() /home/ubuntu/workspace/microposts/vendor/laravel/framework/src/Illuminate/Pipeline/Pipeline.php:124
[20-Sep-2017 20:18:39 Asia/Tokyo] PHP  25. Illuminate\Pipeline\Pipeline->Illuminate\Pipeline\{closure}() /home/ubuntu/workspace/microposts/vendor/laravel/framework/src/Illuminate/Foundation/Http/Middleware/VerifyCsrfToken.php:50
[20-Sep-2017 20:18:39 Asia/Tokyo] PHP  26. call_user_func:{/home/ubuntu/workspace/microposts/vendor/laravel/framework/src/Illuminate/Pipeline/Pipeline.php:139}() /home/ubuntu/workspace/microposts/vendor/laravel/framework/src/Illuminate/Pipeline/Pipeline.php:139
[20-Sep-2017 20:18:39 Asia/Tokyo] PHP  27. Illuminate\Foundation\Http\Kernel->Illuminate\Foundation\Http\{closure}() /home/ubuntu/workspace/microposts/vendor/laravel/framework/src/Illuminate/Pipeline/Pipeline.php:139
[20-Sep-2017 20:18:39 Asia/Tokyo] PHP  28. Illuminate\Routing\Router->dispatch() /home/ubuntu/workspace/microposts/vendor/laravel/framework/src/Illuminate/Foundation/Http/Kernel.php:236
[20-Sep-2017 20:18:39 Asia/Tokyo] PHP  29. Illuminate\Routing\Router->dispatchToRoute() /home/ubuntu/workspace/microposts/vendor/laravel/framework/src/Illuminate/Routing/Router.php:635
[20-Sep-2017 20:18:39 Asia/Tokyo] PHP  30. Illuminate\Routing\Router->runRouteWithinStack() /home/ubuntu/workspace/microposts/vendor/laravel/framework/src/Illuminate/Routing/Router.php:675
[20-Sep-2017 20:18:39 Asia/Tokyo] PHP  31. Illuminate\Pipeline\Pipeline->then() /home/ubuntu/workspace/microposts/vendor/laravel/framework/src/Illuminate/Routing/Router.php:710
[20-Sep-2017 20:18:39 Asia/Tokyo] PHP  32. call_user_func:{/home/ubuntu/workspace/microposts/vendor/laravel/framework/src/Illuminate/Pipeline/Pipeline.php:103}() /home/ubuntu/workspace/microposts/vendor/laravel/framework/src/Illuminate/Pipeline/Pipeline.php:103
[20-Sep-2017 20:18:39 Asia/Tokyo] PHP  33. Illuminate\Pipeline\Pipeline->Illuminate\Pipeline\{closure}() /home/ubuntu/workspace/microposts/vendor/laravel/framework/src/Illuminate/Pipeline/Pipeline.php:103
[20-Sep-2017 20:18:39 Asia/Tokyo] PHP  34. call_user_func_array:{/home/ubuntu/workspace/microposts/vendor/laravel/framework/src/Illuminate/Pipeline/Pipeline.php:124}() /home/ubuntu/workspace/microposts/vendor/laravel/framework/src/Illuminate/Pipeline/Pipeline.php:124
[20-Sep-2017 20:18:39 Asia/Tokyo] PHP  35. App\Http\Middleware\Authenticate->handle() /home/ubuntu/workspace/microposts/vendor/laravel/framework/src/Illuminate/Pipeline/Pipeline.php:124
[20-Sep-2017 20:18:39 Asia/Tokyo] PHP  36. Illuminate\Pipeline\Pipeline->Illuminate\Pipeline\{closure}() /home/ubuntu/workspace/microposts/app/Http/Middleware/Authenticate.php:45
[20-Sep-2017 20:18:39 Asia/Tokyo] PHP  37. call_user_func:{/home/ubuntu/workspace/microposts/vendor/laravel/framework/src/Illuminate/Pipeline/Pipeline.php:139}() /home/ubuntu/workspace/microposts/vendor/laravel/framework/src/Illuminate/Pipeline/Pipeline.php:139
[20-Sep-2017 20:18:39 Asia/Tokyo] PHP  38. Illuminate\Routing\Router->Illuminate\Routing\{closure}() /home/ubuntu/workspace/microposts/vendor/laravel/framework/src/Illuminate/Pipeline/Pipeline.php:139
[20-Sep-2017 20:18:39 Asia/Tokyo] PHP  39. Illuminate\Routing\Route->run() /home/ubuntu/workspace/microposts/vendor/laravel/framework/src/Illuminate/Routing/Router.php:708
[20-Sep-2017 20:18:39 Asia/Tokyo] PHP  40. Illuminate\Routing\Route->runWithCustomDispatcher() /home/ubuntu/workspace/microposts/vendor/laravel/framework/src/Illuminate/Routing/Route.php:134
[20-Sep-2017 20:18:39 Asia/Tokyo] PHP  41. Illuminate\Routing\ControllerDispatcher->dispatch() /home/ubuntu/workspace/microposts/vendor/laravel/framework/src/Illuminate/Routing/Route.php:203
[20-Sep-2017 20:18:39 Asia/Tokyo] PHP  42. Illuminate\Routing\ControllerDispatcher->callWithinStack() /home/ubuntu/workspace/microposts/vendor/laravel/framework/src/Illuminate/Routing/ControllerDispatcher.php:69
[20-Sep-2017 20:18:39 Asia/Tokyo] PHP  43. Illuminate\Pipeline\Pipeline->then() /home/ubuntu/workspace/microposts/vendor/laravel/framework/src/Illuminate/Routing/ControllerDispatcher.php:114
[20-Sep-2017 20:18:39 Asia/Tokyo] PHP  44. call_user_func:{/home/ubuntu/workspace/microposts/vendor/laravel/framework/src/Illuminate/Pipeline/Pipeline.php:103}() /home/ubuntu/workspace/microposts/vendor/laravel/framework/src/Illuminate/Pipeline/Pipeline.php:103
[20-Sep-2017 20:18:39 Asia/Tokyo] PHP  45. Illuminate\Pipeline\Pipeline->Illuminate\Pipeline\{closure}() /home/ubuntu/workspace/microposts/vendor/laravel/framework/src/Illuminate/Pipeline/Pipeline.php:103
[20-Sep-2017 20:18:39 Asia/Tokyo] PHP  46. call_user_func:{/home/ubuntu/workspace/microposts/vendor/laravel/framework/src/Illuminate/Pipeline/Pipeline.php:139}() /home/ubuntu/workspace/microposts/vendor/laravel/framework/src/Illuminate/Pipeline/Pipeline.php:139
[20-Sep-2017 20:18:39 Asia/Tokyo] PHP  47. Illuminate\Routing\ControllerDispatcher->Illuminate\Routing\{closure}() /home/ubuntu/workspace/microposts/vendor/laravel/framework/src/Illuminate/Pipeline/Pipeline.php:139
[20-Sep-2017 20:18:39 Asia/Tokyo] PHP  48. Illuminate\Routing\ControllerDispatcher->call() /home/ubuntu/workspace/microposts/vendor/laravel/framework/src/Illuminate/Routing/ControllerDispatcher.php:112
[20-Sep-2017 20:18:39 Asia/Tokyo] PHP  49. Illuminate\Routing\Controller->callAction() /home/ubuntu/workspace/microposts/vendor/laravel/framework/src/Illuminate/Routing/ControllerDispatcher.php:164
[20-Sep-2017 20:18:39 Asia/Tokyo] PHP  50. call_user_func_array:{/home/ubuntu/workspace/microposts/vendor/laravel/framework/src/Illuminate/Routing/Controller.php:256}() /home/ubuntu/workspace/microposts/vendor/laravel/framework/src/Illuminate/Routing/Controller.php:256
[20-Sep-2017 20:18:39 Asia/Tokyo] PHP  51. App\Http\Controllers\MicropostsController->destroy() /home/ubuntu/workspace/microposts/vendor/laravel/framework/src/Illuminate/Routing/Controller.php:256
[14-Oct-2017 00:02:34 Asia/Tokyo] PHP Fatal error:  Class 'App\Auth' not found in /home/ubuntu/workspace/microposts_7/app/User.php on line 125
[14-Oct-2017 00:02:34 Asia/Tokyo] PHP Stack trace:
[14-Oct-2017 00:02:34 Asia/Tokyo] PHP   1. {main}() /home/ubuntu/workspace/microposts_7/server.php:0
[14-Oct-2017 00:02:34 Asia/Tokyo] PHP   2. require_once() /home/ubuntu/workspace/microposts_7/server.php:21
[14-Oct-2017 00:02:34 Asia/Tokyo] PHP   3. Illuminate\Foundation\Http\Kernel->handle() /home/ubuntu/workspace/microposts_7/public/index.php:54
[14-Oct-2017 00:02:34 Asia/Tokyo] PHP   4. Illuminate\Foundation\Http\Kernel->sendRequestThroughRouter() /home/ubuntu/workspace/microposts_7/vendor/laravel/framework/src/Illuminate/Foundation/Http/Kernel.php:87
[14-Oct-2017 00:02:34 Asia/Tokyo] PHP   5. Illuminate\Pipeline\Pipeline->then() /home/ubuntu/workspace/microposts_7/vendor/laravel/framework/src/Illuminate/Foundation/Http/Kernel.php:122
[14-Oct-2017 00:02:34 Asia/Tokyo] PHP   6. call_user_func:{/home/ubuntu/workspace/microposts_7/vendor/laravel/framework/src/Illuminate/Pipeline/Pipeline.php:103}() /home/ubuntu/workspace/microposts_7/vendor/laravel/framework/src/Illuminate/Pipeline/Pipeline.php:103
[14-Oct-2017 00:02:34 Asia/Tokyo] PHP   7. Illuminate\Pipeline\Pipeline->Illuminate\Pipeline\{closure}() /home/ubuntu/workspace/microposts_7/vendor/laravel/framework/src/Illuminate/Pipeline/Pipeline.php:103
[14-Oct-2017 00:02:34 Asia/Tokyo] PHP   8. call_user_func_array:{/home/ubuntu/workspace/microposts_7/vendor/laravel/framework/src/Illuminate/Pipeline/Pipeline.php:124}() /home/ubuntu/workspace/microposts_7/vendor/laravel/framework/src/Illuminate/Pipeline/Pipeline.php:124
[14-Oct-2017 00:02:34 Asia/Tokyo] PHP   9. Illuminate\Foundation\Http\Middleware\CheckForMaintenanceMode->handle() /home/ubuntu/workspace/microposts_7/vendor/laravel/framework/src/Illuminate/Pipeline/Pipeline.php:124
[14-Oct-2017 00:02:34 Asia/Tokyo] PHP  10. Illuminate\Pipeline\Pipeline->Illuminate\Pipeline\{closure}() /home/ubuntu/workspace/microposts_7/vendor/laravel/framework/src/Illuminate/Foundation/Http/Middleware/CheckForMaintenanceMode.php:44
[14-Oct-2017 00:02:34 Asia/Tokyo] PHP  11. call_user_func_array:{/home/ubuntu/workspace/microposts_7/vendor/laravel/framework/src/Illuminate/Pipeline/Pipeline.php:124}() /home/ubuntu/workspace/microposts_7/vendor/laravel/framework/src/Illuminate/Pipeline/Pipeline.php:124
[14-Oct-2017 00:02:34 Asia/Tokyo] PHP  12. Illuminate\Cookie\Middleware\EncryptCookies->handle() /home/ubuntu/workspace/microposts_7/vendor/laravel/framework/src/Illuminate/Pipeline/Pipeline.php:124
[14-Oct-2017 00:02:34 Asia/Tokyo] PHP  13. Illuminate\Pipeline\Pipeline->Illuminate\Pipeline\{closure}() /home/ubuntu/workspace/microposts_7/vendor/laravel/framework/src/Illuminate/Cookie/Middleware/EncryptCookies.php:59
[14-Oct-2017 00:02:34 Asia/Tokyo] PHP  14. call_user_func_array:{/home/ubuntu/workspace/microposts_7/vendor/laravel/framework/src/Illuminate/Pipeline/Pipeline.php:124}() /home/ubuntu/workspace/microposts_7/vendor/laravel/framework/src/Illuminate/Pipeline/Pipeline.php:124
[14-Oct-2017 00:02:34 Asia/Tokyo] PHP  15. Illuminate\Cookie\Middleware\AddQueuedCookiesToResponse->handle() /home/ubuntu/workspace/microposts_7/vendor/laravel/framework/src/Illuminate/Pipeline/Pipeline.php:124
[14-Oct-2017 00:02:34 Asia/Tokyo] PHP  16. Illuminate\Pipeline\Pipeline->Illuminate\Pipeline\{closure}() /home/ubuntu/workspace/microposts_7/vendor/laravel/framework/src/Illuminate/Cookie/Middleware/AddQueuedCookiesToResponse.php:37
[14-Oct-2017 00:02:34 Asia/Tokyo] PHP  17. call_user_func_array:{/home/ubuntu/workspace/microposts_7/vendor/laravel/framework/src/Illuminate/Pipeline/Pipeline.php:124}() /home/ubuntu/workspace/microposts_7/vendor/laravel/framework/src/Illuminate/Pipeline/Pipeline.php:124
[14-Oct-2017 00:02:34 Asia/Tokyo] PHP  18. Illuminate\Session\Middleware\StartSession->handle() /home/ubuntu/workspace/microposts_7/vendor/laravel/framework/src/Illuminate/Pipeline/Pipeline.php:124
[14-Oct-2017 00:02:34 Asia/Tokyo] PHP  19. Illuminate\Pipeline\Pipeline->Illuminate\Pipeline\{closure}() /home/ubuntu/workspace/microposts_7/vendor/laravel/framework/src/Illuminate/Session/Middleware/StartSession.php:62
[14-Oct-2017 00:02:34 Asia/Tokyo] PHP  20. call_user_func_array:{/home/ubuntu/workspace/microposts_7/vendor/laravel/framework/src/Illuminate/Pipeline/Pipeline.php:124}() /home/ubuntu/workspace/microposts_7/vendor/laravel/framework/src/Illuminate/Pipeline/Pipeline.php:124
[14-Oct-2017 00:02:34 Asia/Tokyo] PHP  21. Illuminate\View\Middleware\ShareErrorsFromSession->handle() /home/ubuntu/workspace/microposts_7/vendor/laravel/framework/src/Illuminate/Pipeline/Pipeline.php:124
[14-Oct-2017 00:02:34 Asia/Tokyo] PHP  22. Illuminate\Pipeline\Pipeline->Illuminate\Pipeline\{closure}() /home/ubuntu/workspace/microposts_7/vendor/laravel/framework/src/Illuminate/View/Middleware/ShareErrorsFromSession.php:49
[14-Oct-2017 00:02:34 Asia/Tokyo] PHP  23. call_user_func_array:{/home/ubuntu/workspace/microposts_7/vendor/laravel/framework/src/Illuminate/Pipeline/Pipeline.php:124}() /home/ubuntu/workspace/microposts_7/vendor/laravel/framework/src/Illuminate/Pipeline/Pipeline.php:124
[14-Oct-2017 00:02:34 Asia/Tokyo] PHP  24. Illuminate\Foundation\Http\Middleware\VerifyCsrfToken->handle() /home/ubuntu/workspace/microposts_7/vendor/laravel/framework/src/Illuminate/Pipeline/Pipeline.php:124
[14-Oct-2017 00:02:34 Asia/Tokyo] PHP  25. Illuminate\Pipeline\Pipeline->Illuminate\Pipeline\{closure}() /home/ubuntu/workspace/microposts_7/vendor/laravel/framework/src/Illuminate/Foundation/Http/Middleware/VerifyCsrfToken.php:50
[14-Oct-2017 00:02:34 Asia/Tokyo] PHP  26. call_user_func:{/home/ubuntu/workspace/microposts_7/vendor/laravel/framework/src/Illuminate/Pipeline/Pipeline.php:139}() /home/ubuntu/workspace/microposts_7/vendor/laravel/framework/src/Illuminate/Pipeline/Pipeline.php:139
[14-Oct-2017 00:02:34 Asia/Tokyo] PHP  27. Illuminate\Foundation\Http\Kernel->Illuminate\Foundation\Http\{closure}() /home/ubuntu/workspace/microposts_7/vendor/laravel/framework/src/Illuminate/Pipeline/Pipeline.php:139
[14-Oct-2017 00:02:34 Asia/Tokyo] PHP  28. Illuminate\Routing\Router->dispatch() /home/ubuntu/workspace/microposts_7/vendor/laravel/framework/src/Illuminate/Foundation/Http/Kernel.php:236
[14-Oct-2017 00:02:34 Asia/Tokyo] PHP  29. Illuminate\Routing\Router->dispatchToRoute() /home/ubuntu/workspace/microposts_7/vendor/laravel/framework/src/Illuminate/Routing/Router.php:635
[14-Oct-2017 00:02:34 Asia/Tokyo] PHP  30. Illuminate\Routing\Router->runRouteWithinStack() /home/ubuntu/workspace/microposts_7/vendor/laravel/framework/src/Illuminate/Routing/Router.php:675
[14-Oct-2017 00:02:34 Asia/Tokyo] PHP  31. Illuminate\Pipeline\Pipeline->then() /home/ubuntu/workspace/microposts_7/vendor/laravel/framework/src/Illuminate/Routing/Router.php:710
[14-Oct-2017 00:02:34 Asia/Tokyo] PHP  32. call_user_func:{/home/ubuntu/workspace/microposts_7/vendor/laravel/framework/src/Illuminate/Pipeline/Pipeline.php:103}() /home/ubuntu/workspace/microposts_7/vendor/laravel/framework/src/Illuminate/Pipeline/Pipeline.php:103
[14-Oct-2017 00:02:34 Asia/Tokyo] PHP  33. Illuminate\Pipeline\Pipeline->Illuminate\Pipeline\{closure}() /home/ubuntu/workspace/microposts_7/vendor/laravel/framework/src/Illuminate/Pipeline/Pipeline.php:103
[14-Oct-2017 00:02:34 Asia/Tokyo] PHP  34. call_user_func_array:{/home/ubuntu/workspace/microposts_7/vendor/laravel/framework/src/Illuminate/Pipeline/Pipeline.php:124}() /home/ubuntu/workspace/microposts_7/vendor/laravel/framework/src/Illuminate/Pipeline/Pipeline.php:124
[14-Oct-2017 00:02:34 Asia/Tokyo] PHP  35. App\Http\Middleware\Authenticate->handle() /home/ubuntu/workspace/microposts_7/vendor/laravel/framework/src/Illuminate/Pipeline/Pipeline.php:124
[14-Oct-2017 00:02:34 Asia/Tokyo] PHP  36. Illuminate\Pipeline\Pipeline->Illuminate\Pipeline\{closure}() /home/ubuntu/workspace/microposts_7/app/Http/Middleware/Authenticate.php:45
[14-Oct-2017 00:02:34 Asia/Tokyo] PHP  37. call_user_func:{/home/ubuntu/workspace/microposts_7/vendor/laravel/framework/src/Illuminate/Pipeline/Pipeline.php:139}() /home/ubuntu/workspace/microposts_7/vendor/laravel/framework/src/Illuminate/Pipeline/Pipeline.php:139
[14-Oct-2017 00:02:34 Asia/Tokyo] PHP  38. Illuminate\Routing\Router->Illuminate\Routing\{closure}() /home/ubuntu/workspace/microposts_7/vendor/laravel/framework/src/Illuminate/Pipeline/Pipeline.php:139
[14-Oct-2017 00:02:34 Asia/Tokyo] PHP  39. Illuminate\Routing\Route->run() /home/ubuntu/workspace/microposts_7/vendor/laravel/framework/src/Illuminate/Routing/Router.php:708
[14-Oct-2017 00:02:34 Asia/Tokyo] PHP  40. Illuminate\Routing\Route->runWithCustomDispatcher() /home/ubuntu/workspace/microposts_7/vendor/laravel/framework/src/Illuminate/Routing/Route.php:134
[14-Oct-2017 00:02:34 Asia/Tokyo] PHP  41. Illuminate\Routing\ControllerDispatcher->dispatch() /home/ubuntu/workspace/microposts_7/vendor/laravel/framework/src/Illuminate/Routing/Route.php:203
[14-Oct-2017 00:02:34 Asia/Tokyo] PHP  42. Illuminate\Routing\ControllerDispatcher->callWithinStack() /home/ubuntu/workspace/microposts_7/vendor/laravel/framework/src/Illuminate/Routing/ControllerDispatcher.php:69
[14-Oct-2017 00:02:34 Asia/Tokyo] PHP  43. Illuminate\Pipeline\Pipeline->then() /home/ubuntu/workspace/microposts_7/vendor/laravel/framework/src/Illuminate/Routing/ControllerDispatcher.php:114
[14-Oct-2017 00:02:34 Asia/Tokyo] PHP  44. call_user_func:{/home/ubuntu/workspace/microposts_7/vendor/laravel/framework/src/Illuminate/Pipeline/Pipeline.php:103}() /home/ubuntu/workspace/microposts_7/vendor/laravel/framework/src/Illuminate/Pipeline/Pipeline.php:103
[14-Oct-2017 00:02:34 Asia/Tokyo] PHP  45. Illuminate\Pipeline\Pipeline->Illuminate\Pipeline\{closure}() /home/ubuntu/workspace/microposts_7/vendor/laravel/framework/src/Illuminate/Pipeline/Pipeline.php:103
[14-Oct-2017 00:02:34 Asia/Tokyo] PHP  46. call_user_func:{/home/ubuntu/workspace/microposts_7/vendor/laravel/framework/src/Illuminate/Pipeline/Pipeline.php:139}() /home/ubuntu/workspace/microposts_7/vendor/laravel/framework/src/Illuminate/Pipeline/Pipeline.php:139
[14-Oct-2017 00:02:34 Asia/Tokyo] PHP  47. Illuminate\Routing\ControllerDispatcher->Illuminate\Routing\{closure}() /home/ubuntu/workspace/microposts_7/vendor/laravel/framework/src/Illuminate/Pipeline/Pipeline.php:139
[14-Oct-2017 00:02:34 Asia/Tokyo] PHP  48. Illuminate\Routing\ControllerDispatcher->call() /home/ubuntu/workspace/microposts_7/vendor/laravel/framework/src/Illuminate/Routing/ControllerDispatcher.php:112
[14-Oct-2017 00:02:34 Asia/Tokyo] PHP  49. Illuminate\Routing\Controller->callAction() /home/ubuntu/workspace/microposts_7/vendor/laravel/framework/src/Illuminate/Routing/ControllerDispatcher.php:164
[14-Oct-2017 00:02:34 Asia/Tokyo] PHP  50. call_user_func_array:{/home/ubuntu/workspace/microposts_7/vendor/laravel/framework/src/Illuminate/Routing/Controller.php:256}() /home/ubuntu/workspace/microposts_7/vendor/laravel/framework/src/Illuminate/Routing/Controller.php:256
[14-Oct-2017 00:02:34 Asia/Tokyo] PHP  51. App\Http\Controllers\UserMicropostController->store() /home/ubuntu/workspace/microposts_7/vendor/laravel/framework/src/Illuminate/Routing/Controller.php:256
[14-Oct-2017 00:02:34 Asia/Tokyo] PHP  52. App\User->oki_follow() /home/ubuntu/workspace/microposts_7/app/Http/Controllers/UserMicropostController.php:43
[15-Oct-2017 00:11:16 Asia/Tokyo] PHP Fatal error:  Call to a member function oki_followings() on a non-object in /home/ubuntu/workspace/microposts_7/app/Http/Controllers/UsersController.php on line 75
[15-Oct-2017 00:11:16 Asia/Tokyo] PHP Stack trace:
[15-Oct-2017 00:11:16 Asia/Tokyo] PHP   1. {main}() /home/ubuntu/workspace/microposts_7/server.php:0
[15-Oct-2017 00:11:16 Asia/Tokyo] PHP   2. require_once() /home/ubuntu/workspace/microposts_7/server.php:21
[15-Oct-2017 00:11:16 Asia/Tokyo] PHP   3. Illuminate\Foundation\Http\Kernel->handle() /home/ubuntu/workspace/microposts_7/public/index.php:54
[15-Oct-2017 00:11:16 Asia/Tokyo] PHP   4. Illuminate\Foundation\Http\Kernel->sendRequestThroughRouter() /home/ubuntu/workspace/microposts_7/vendor/laravel/framework/src/Illuminate/Foundation/Http/Kernel.php:87
[15-Oct-2017 00:11:16 Asia/Tokyo] PHP   5. Illuminate\Pipeline\Pipeline->then() /home/ubuntu/workspace/microposts_7/vendor/laravel/framework/src/Illuminate/Foundation/Http/Kernel.php:122
[15-Oct-2017 00:11:16 Asia/Tokyo] PHP   6. call_user_func:{/home/ubuntu/workspace/microposts_7/vendor/laravel/framework/src/Illuminate/Pipeline/Pipeline.php:103}() /home/ubuntu/workspace/microposts_7/vendor/laravel/framework/src/Illuminate/Pipeline/Pipeline.php:103
[15-Oct-2017 00:11:16 Asia/Tokyo] PHP   7. Illuminate\Pipeline\Pipeline->Illuminate\Pipeline\{closure}() /home/ubuntu/workspace/microposts_7/vendor/laravel/framework/src/Illuminate/Pipeline/Pipeline.php:103
[15-Oct-2017 00:11:16 Asia/Tokyo] PHP   8. call_user_func_array:{/home/ubuntu/workspace/microposts_7/vendor/laravel/framework/src/Illuminate/Pipeline/Pipeline.php:124}() /home/ubuntu/workspace/microposts_7/vendor/laravel/framework/src/Illuminate/Pipeline/Pipeline.php:124
[15-Oct-2017 00:11:16 Asia/Tokyo] PHP   9. Illuminate\Foundation\Http\Middleware\CheckForMaintenanceMode->handle() /home/ubuntu/workspace/microposts_7/vendor/laravel/framework/src/Illuminate/Pipeline/Pipeline.php:124
[15-Oct-2017 00:11:16 Asia/Tokyo] PHP  10. Illuminate\Pipeline\Pipeline->Illuminate\Pipeline\{closure}() /home/ubuntu/workspace/microposts_7/vendor/laravel/framework/src/Illuminate/Foundation/Http/Middleware/CheckForMaintenanceMode.php:44
[15-Oct-2017 00:11:16 Asia/Tokyo] PHP  11. call_user_func_array:{/home/ubuntu/workspace/microposts_7/vendor/laravel/framework/src/Illuminate/Pipeline/Pipeline.php:124}() /home/ubuntu/workspace/microposts_7/vendor/laravel/framework/src/Illuminate/Pipeline/Pipeline.php:124
[15-Oct-2017 00:11:16 Asia/Tokyo] PHP  12. Illuminate\Cookie\Middleware\EncryptCookies->handle() /home/ubuntu/workspace/microposts_7/vendor/laravel/framework/src/Illuminate/Pipeline/Pipeline.php:124
[15-Oct-2017 00:11:16 Asia/Tokyo] PHP  13. Illuminate\Pipeline\Pipeline->Illuminate\Pipeline\{closure}() /home/ubuntu/workspace/microposts_7/vendor/laravel/framework/src/Illuminate/Cookie/Middleware/EncryptCookies.php:59
[15-Oct-2017 00:11:16 Asia/Tokyo] PHP  14. call_user_func_array:{/home/ubuntu/workspace/microposts_7/vendor/laravel/framework/src/Illuminate/Pipeline/Pipeline.php:124}() /home/ubuntu/workspace/microposts_7/vendor/laravel/framework/src/Illuminate/Pipeline/Pipeline.php:124
[15-Oct-2017 00:11:16 Asia/Tokyo] PHP  15. Illuminate\Cookie\Middleware\AddQueuedCookiesToResponse->handle() /home/ubuntu/workspace/microposts_7/vendor/laravel/framework/src/Illuminate/Pipeline/Pipeline.php:124
[15-Oct-2017 00:11:16 Asia/Tokyo] PHP  16. Illuminate\Pipeline\Pipeline->Illuminate\Pipeline\{closure}() /home/ubuntu/workspace/microposts_7/vendor/laravel/framework/src/Illuminate/Cookie/Middleware/AddQueuedCookiesToResponse.php:37
[15-Oct-2017 00:11:16 Asia/Tokyo] PHP  17. call_user_func_array:{/home/ubuntu/workspace/microposts_7/vendor/laravel/framework/src/Illuminate/Pipeline/Pipeline.php:124}() /home/ubuntu/workspace/microposts_7/vendor/laravel/framework/src/Illuminate/Pipeline/Pipeline.php:124
[15-Oct-2017 00:11:16 Asia/Tokyo] PHP  18. Illuminate\Session\Middleware\StartSession->handle() /home/ubuntu/workspace/microposts_7/vendor/laravel/framework/src/Illuminate/Pipeline/Pipeline.php:124
[15-Oct-2017 00:11:16 Asia/Tokyo] PHP  19. Illuminate\Pipeline\Pipeline->Illuminate\Pipeline\{closure}() /home/ubuntu/workspace/microposts_7/vendor/laravel/framework/src/Illuminate/Session/Middleware/StartSession.php:62
[15-Oct-2017 00:11:16 Asia/Tokyo] PHP  20. call_user_func_array:{/home/ubuntu/workspace/microposts_7/vendor/laravel/framework/src/Illuminate/Pipeline/Pipeline.php:124}() /home/ubuntu/workspace/microposts_7/vendor/laravel/framework/src/Illuminate/Pipeline/Pipeline.php:124
[15-Oct-2017 00:11:16 Asia/Tokyo] PHP  21. Illuminate\View\Middleware\ShareErrorsFromSession->handle() /home/ubuntu/workspace/microposts_7/vendor/laravel/framework/src/Illuminate/Pipeline/Pipeline.php:124
[15-Oct-2017 00:11:16 Asia/Tokyo] PHP  22. Illuminate\Pipeline\Pipeline->Illuminate\Pipeline\{closure}() /home/ubuntu/workspace/microposts_7/vendor/laravel/framework/src/Illuminate/View/Middleware/ShareErrorsFromSession.php:49
[15-Oct-2017 00:11:16 Asia/Tokyo] PHP  23. call_user_func_array:{/home/ubuntu/workspace/microposts_7/vendor/laravel/framework/src/Illuminate/Pipeline/Pipeline.php:124}() /home/ubuntu/workspace/microposts_7/vendor/laravel/framework/src/Illuminate/Pipeline/Pipeline.php:124
[15-Oct-2017 00:11:16 Asia/Tokyo] PHP  24. Illuminate\Foundation\Http\Middleware\VerifyCsrfToken->handle() /home/ubuntu/workspace/microposts_7/vendor/laravel/framework/src/Illuminate/Pipeline/Pipeline.php:124
[15-Oct-2017 00:11:16 Asia/Tokyo] PHP  25. Illuminate\Pipeline\Pipeline->Illuminate\Pipeline\{closure}() /home/ubuntu/workspace/microposts_7/vendor/laravel/framework/src/Illuminate/Foundation/Http/Middleware/VerifyCsrfToken.php:50
[15-Oct-2017 00:11:16 Asia/Tokyo] PHP  26. call_user_func:{/home/ubuntu/workspace/microposts_7/vendor/laravel/framework/src/Illuminate/Pipeline/Pipeline.php:139}() /home/ubuntu/workspace/microposts_7/vendor/laravel/framework/src/Illuminate/Pipeline/Pipeline.php:139
[15-Oct-2017 00:11:16 Asia/Tokyo] PHP  27. Illuminate\Foundation\Http\Kernel->Illuminate\Foundation\Http\{closure}() /home/ubuntu/workspace/microposts_7/vendor/laravel/framework/src/Illuminate/Pipeline/Pipeline.php:139
[15-Oct-2017 00:11:16 Asia/Tokyo] PHP  28. Illuminate\Routing\Router->dispatch() /home/ubuntu/workspace/microposts_7/vendor/laravel/framework/src/Illuminate/Foundation/Http/Kernel.php:236
[15-Oct-2017 00:11:16 Asia/Tokyo] PHP  29. Illuminate\Routing\Router->dispatchToRoute() /home/ubuntu/workspace/microposts_7/vendor/laravel/framework/src/Illuminate/Routing/Router.php:635
[15-Oct-2017 00:11:16 Asia/Tokyo] PHP  30. Illuminate\Routing\Router->runRouteWithinStack() /home/ubuntu/workspace/microposts_7/vendor/laravel/framework/src/Illuminate/Routing/Router.php:675
[15-Oct-2017 00:11:16 Asia/Tokyo] PHP  31. Illuminate\Pipeline\Pipeline->then() /home/ubuntu/workspace/microposts_7/vendor/laravel/framework/src/Illuminate/Routing/Router.php:710
[15-Oct-2017 00:11:16 Asia/Tokyo] PHP  32. call_user_func:{/home/ubuntu/workspace/microposts_7/vendor/laravel/framework/src/Illuminate/Pipeline/Pipeline.php:103}() /home/ubuntu/workspace/microposts_7/vendor/laravel/framework/src/Illuminate/Pipeline/Pipeline.php:103
[15-Oct-2017 00:11:16 Asia/Tokyo] PHP  33. Illuminate\Pipeline\Pipeline->Illuminate\Pipeline\{closure}() /home/ubuntu/workspace/microposts_7/vendor/laravel/framework/src/Illuminate/Pipeline/Pipeline.php:103
[15-Oct-2017 00:11:16 Asia/Tokyo] PHP  34. call_user_func_array:{/home/ubuntu/workspace/microposts_7/vendor/laravel/framework/src/Illuminate/Pipeline/Pipeline.php:124}() /home/ubuntu/workspace/microposts_7/vendor/laravel/framework/src/Illuminate/Pipeline/Pipeline.php:124
[15-Oct-2017 00:11:16 Asia/Tokyo] PHP  35. App\Http\Middleware\Authenticate->handle() /home/ubuntu/workspace/microposts_7/vendor/laravel/framework/src/Illuminate/Pipeline/Pipeline.php:124
[15-Oct-2017 00:11:16 Asia/Tokyo] PHP  36. Illuminate\Pipeline\Pipeline->Illuminate\Pipeline\{closure}() /home/ubuntu/workspace/microposts_7/app/Http/Middleware/Authenticate.php:45
[15-Oct-2017 00:11:16 Asia/Tokyo] PHP  37. call_user_func:{/home/ubuntu/workspace/microposts_7/vendor/laravel/framework/src/Illuminate/Pipeline/Pipeline.php:139}() /home/ubuntu/workspace/microposts_7/vendor/laravel/framework/src/Illuminate/Pipeline/Pipeline.php:139
[15-Oct-2017 00:11:16 Asia/Tokyo] PHP  38. Illuminate\Routing\Router->Illuminate\Routing\{closure}() /home/ubuntu/workspace/microposts_7/vendor/laravel/framework/src/Illuminate/Pipeline/Pipeline.php:139
[15-Oct-2017 00:11:16 Asia/Tokyo] PHP  39. Illuminate\Routing\Route->run() /home/ubuntu/workspace/microposts_7/vendor/laravel/framework/src/Illuminate/Routing/Router.php:708
[15-Oct-2017 00:11:16 Asia/Tokyo] PHP  40. Illuminate\Routing\Route->runWithCustomDispatcher() /home/ubuntu/workspace/microposts_7/vendor/laravel/framework/src/Illuminate/Routing/Route.php:134
[15-Oct-2017 00:11:16 Asia/Tokyo] PHP  41. Illuminate\Routing\ControllerDispatcher->dispatch() /home/ubuntu/workspace/microposts_7/vendor/laravel/framework/src/Illuminate/Routing/Route.php:203
[15-Oct-2017 00:11:16 Asia/Tokyo] PHP  42. Illuminate\Routing\ControllerDispatcher->callWithinStack() /home/ubuntu/workspace/microposts_7/vendor/laravel/framework/src/Illuminate/Routing/ControllerDispatcher.php:69
[15-Oct-2017 00:11:16 Asia/Tokyo] PHP  43. Illuminate\Pipeline\Pipeline->then() /home/ubuntu/workspace/microposts_7/vendor/laravel/framework/src/Illuminate/Routing/ControllerDispatcher.php:114
[15-Oct-2017 00:11:16 Asia/Tokyo] PHP  44. call_user_func:{/home/ubuntu/workspace/microposts_7/vendor/laravel/framework/src/Illuminate/Pipeline/Pipeline.php:103}() /home/ubuntu/workspace/microposts_7/vendor/laravel/framework/src/Illuminate/Pipeline/Pipeline.php:103
[15-Oct-2017 00:11:16 Asia/Tokyo] PHP  45. Illuminate\Pipeline\Pipeline->Illuminate\Pipeline\{closure}() /home/ubuntu/workspace/microposts_7/vendor/laravel/framework/src/Illuminate/Pipeline/Pipeline.php:103
[15-Oct-2017 00:11:16 Asia/Tokyo] PHP  46. call_user_func:{/home/ubuntu/workspace/microposts_7/vendor/laravel/framework/src/Illuminate/Pipeline/Pipeline.php:139}() /home/ubuntu/workspace/microposts_7/vendor/laravel/framework/src/Illuminate/Pipeline/Pipeline.php:139
[15-Oct-2017 00:11:16 Asia/Tokyo] PHP  47. Illuminate\Routing\ControllerDispatcher->Illuminate\Routing\{closure}() /home/ubuntu/workspace/microposts_7/vendor/laravel/framework/src/Illuminate/Pipeline/Pipeline.php:139
[15-Oct-2017 00:11:16 Asia/Tokyo] PHP  48. Illuminate\Routing\ControllerDispatcher->call() /home/ubuntu/workspace/microposts_7/vendor/laravel/framework/src/Illuminate/Routing/ControllerDispatcher.php:112
[15-Oct-2017 00:11:16 Asia/Tokyo] PHP  49. Illuminate\Routing\Controller->callAction() /home/ubuntu/workspace/microposts_7/vendor/laravel/framework/src/Illuminate/Routing/ControllerDispatcher.php:164
[15-Oct-2017 00:11:16 Asia/Tokyo] PHP  50. call_user_func_array:{/home/ubuntu/workspace/microposts_7/vendor/laravel/framework/src/Illuminate/Routing/Controller.php:256}() /home/ubuntu/workspace/microposts_7/vendor/laravel/framework/src/Illuminate/Routing/Controller.php:256
[15-Oct-2017 00:11:16 Asia/Tokyo] PHP  51. App\Http\Controllers\UsersController->oki_followings() /home/ubuntu/workspace/microposts_7/vendor/laravel/framework/src/Illuminate/Routing/Controller.php:256
[15-Oct-2017 00:18:58 Asia/Tokyo] PHP Fatal error:  Call to a member function oki_followings() on a non-object in /home/ubuntu/workspace/microposts_7/app/Http/Controllers/UsersController.php on line 75
[15-Oct-2017 00:18:58 Asia/Tokyo] PHP Stack trace:
[15-Oct-2017 00:18:58 Asia/Tokyo] PHP   1. {main}() /home/ubuntu/workspace/microposts_7/server.php:0
[15-Oct-2017 00:18:58 Asia/Tokyo] PHP   2. require_once() /home/ubuntu/workspace/microposts_7/server.php:21
[15-Oct-2017 00:18:58 Asia/Tokyo] PHP   3. Illuminate\Foundation\Http\Kernel->handle() /home/ubuntu/workspace/microposts_7/public/index.php:54
[15-Oct-2017 00:18:58 Asia/Tokyo] PHP   4. Illuminate\Foundation\Http\Kernel->sendRequestThroughRouter() /home/ubuntu/workspace/microposts_7/vendor/laravel/framework/src/Illuminate/Foundation/Http/Kernel.php:87
[15-Oct-2017 00:18:58 Asia/Tokyo] PHP   5. Illuminate\Pipeline\Pipeline->then() /home/ubuntu/workspace/microposts_7/vendor/laravel/framework/src/Illuminate/Foundation/Http/Kernel.php:122
[15-Oct-2017 00:18:58 Asia/Tokyo] PHP   6. call_user_func:{/home/ubuntu/workspace/microposts_7/vendor/laravel/framework/src/Illuminate/Pipeline/Pipeline.php:103}() /home/ubuntu/workspace/microposts_7/vendor/laravel/framework/src/Illuminate/Pipeline/Pipeline.php:103
[15-Oct-2017 00:18:58 Asia/Tokyo] PHP   7. Illuminate\Pipeline\Pipeline->Illuminate\Pipeline\{closure}() /home/ubuntu/workspace/microposts_7/vendor/laravel/framework/src/Illuminate/Pipeline/Pipeline.php:103
[15-Oct-2017 00:18:58 Asia/Tokyo] PHP   8. call_user_func_array:{/home/ubuntu/workspace/microposts_7/vendor/laravel/framework/src/Illuminate/Pipeline/Pipeline.php:124}() /home/ubuntu/workspace/microposts_7/vendor/laravel/framework/src/Illuminate/Pipeline/Pipeline.php:124
[15-Oct-2017 00:18:58 Asia/Tokyo] PHP   9. Illuminate\Foundation\Http\Middleware\CheckForMaintenanceMode->handle() /home/ubuntu/workspace/microposts_7/vendor/laravel/framework/src/Illuminate/Pipeline/Pipeline.php:124
[15-Oct-2017 00:18:58 Asia/Tokyo] PHP  10. Illuminate\Pipeline\Pipeline->Illuminate\Pipeline\{closure}() /home/ubuntu/workspace/microposts_7/vendor/laravel/framework/src/Illuminate/Foundation/Http/Middleware/CheckForMaintenanceMode.php:44
[15-Oct-2017 00:18:58 Asia/Tokyo] PHP  11. call_user_func_array:{/home/ubuntu/workspace/microposts_7/vendor/laravel/framework/src/Illuminate/Pipeline/Pipeline.php:124}() /home/ubuntu/workspace/microposts_7/vendor/laravel/framework/src/Illuminate/Pipeline/Pipeline.php:124
[15-Oct-2017 00:18:58 Asia/Tokyo] PHP  12. Illuminate\Cookie\Middleware\EncryptCookies->handle() /home/ubuntu/workspace/microposts_7/vendor/laravel/framework/src/Illuminate/Pipeline/Pipeline.php:124
[15-Oct-2017 00:18:58 Asia/Tokyo] PHP  13. Illuminate\Pipeline\Pipeline->Illuminate\Pipeline\{closure}() /home/ubuntu/workspace/microposts_7/vendor/laravel/framework/src/Illuminate/Cookie/Middleware/EncryptCookies.php:59
[15-Oct-2017 00:18:58 Asia/Tokyo] PHP  14. call_user_func_array:{/home/ubuntu/workspace/microposts_7/vendor/laravel/framework/src/Illuminate/Pipeline/Pipeline.php:124}() /home/ubuntu/workspace/microposts_7/vendor/laravel/framework/src/Illuminate/Pipeline/Pipeline.php:124
[15-Oct-2017 00:18:58 Asia/Tokyo] PHP  15. Illuminate\Cookie\Middleware\AddQueuedCookiesToResponse->handle() /home/ubuntu/workspace/microposts_7/vendor/laravel/framework/src/Illuminate/Pipeline/Pipeline.php:124
[15-Oct-2017 00:18:58 Asia/Tokyo] PHP  16. Illuminate\Pipeline\Pipeline->Illuminate\Pipeline\{closure}() /home/ubuntu/workspace/microposts_7/vendor/laravel/framework/src/Illuminate/Cookie/Middleware/AddQueuedCookiesToResponse.php:37
[15-Oct-2017 00:18:58 Asia/Tokyo] PHP  17. call_user_func_array:{/home/ubuntu/workspace/microposts_7/vendor/laravel/framework/src/Illuminate/Pipeline/Pipeline.php:124}() /home/ubuntu/workspace/microposts_7/vendor/laravel/framework/src/Illuminate/Pipeline/Pipeline.php:124
[15-Oct-2017 00:18:58 Asia/Tokyo] PHP  18. Illuminate\Session\Middleware\StartSession->handle() /home/ubuntu/workspace/microposts_7/vendor/laravel/framework/src/Illuminate/Pipeline/Pipeline.php:124
[15-Oct-2017 00:18:58 Asia/Tokyo] PHP  19. Illuminate\Pipeline\Pipeline->Illuminate\Pipeline\{closure}() /home/ubuntu/workspace/microposts_7/vendor/laravel/framework/src/Illuminate/Session/Middleware/StartSession.php:62
[15-Oct-2017 00:18:58 Asia/Tokyo] PHP  20. call_user_func_array:{/home/ubuntu/workspace/microposts_7/vendor/laravel/framework/src/Illuminate/Pipeline/Pipeline.php:124}() /home/ubuntu/workspace/microposts_7/vendor/laravel/framework/src/Illuminate/Pipeline/Pipeline.php:124
[15-Oct-2017 00:18:58 Asia/Tokyo] PHP  21. Illuminate\View\Middleware\ShareErrorsFromSession->handle() /home/ubuntu/workspace/microposts_7/vendor/laravel/framework/src/Illuminate/Pipeline/Pipeline.php:124
[15-Oct-2017 00:18:58 Asia/Tokyo] PHP  22. Illuminate\Pipeline\Pipeline->Illuminate\Pipeline\{closure}() /home/ubuntu/workspace/microposts_7/vendor/laravel/framework/src/Illuminate/View/Middleware/ShareErrorsFromSession.php:49
[15-Oct-2017 00:18:58 Asia/Tokyo] PHP  23. call_user_func_array:{/home/ubuntu/workspace/microposts_7/vendor/laravel/framework/src/Illuminate/Pipeline/Pipeline.php:124}() /home/ubuntu/workspace/microposts_7/vendor/laravel/framework/src/Illuminate/Pipeline/Pipeline.php:124
[15-Oct-2017 00:18:58 Asia/Tokyo] PHP  24. Illuminate\Foundation\Http\Middleware\VerifyCsrfToken->handle() /home/ubuntu/workspace/microposts_7/vendor/laravel/framework/src/Illuminate/Pipeline/Pipeline.php:124
[15-Oct-2017 00:18:58 Asia/Tokyo] PHP  25. Illuminate\Pipeline\Pipeline->Illuminate\Pipeline\{closure}() /home/ubuntu/workspace/microposts_7/vendor/laravel/framework/src/Illuminate/Foundation/Http/Middleware/VerifyCsrfToken.php:50
[15-Oct-2017 00:18:58 Asia/Tokyo] PHP  26. call_user_func:{/home/ubuntu/workspace/microposts_7/vendor/laravel/framework/src/Illuminate/Pipeline/Pipeline.php:139}() /home/ubuntu/workspace/microposts_7/vendor/laravel/framework/src/Illuminate/Pipeline/Pipeline.php:139
[15-Oct-2017 00:18:58 Asia/Tokyo] PHP  27. Illuminate\Foundation\Http\Kernel->Illuminate\Foundation\Http\{closure}() /home/ubuntu/workspace/microposts_7/vendor/laravel/framework/src/Illuminate/Pipeline/Pipeline.php:139
[15-Oct-2017 00:18:58 Asia/Tokyo] PHP  28. Illuminate\Routing\Router->dispatch() /home/ubuntu/workspace/microposts_7/vendor/laravel/framework/src/Illuminate/Foundation/Http/Kernel.php:236
[15-Oct-2017 00:18:58 Asia/Tokyo] PHP  29. Illuminate\Routing\Router->dispatchToRoute() /home/ubuntu/workspace/microposts_7/vendor/laravel/framework/src/Illuminate/Routing/Router.php:635
[15-Oct-2017 00:18:58 Asia/Tokyo] PHP  30. Illuminate\Routing\Router->runRouteWithinStack() /home/ubuntu/workspace/microposts_7/vendor/laravel/framework/src/Illuminate/Routing/Router.php:675
[15-Oct-2017 00:18:58 Asia/Tokyo] PHP  31. Illuminate\Pipeline\Pipeline->then() /home/ubuntu/workspace/microposts_7/vendor/laravel/framework/src/Illuminate/Routing/Router.php:710
[15-Oct-2017 00:18:58 Asia/Tokyo] PHP  32. call_user_func:{/home/ubuntu/workspace/microposts_7/vendor/laravel/framework/src/Illuminate/Pipeline/Pipeline.php:103}() /home/ubuntu/workspace/microposts_7/vendor/laravel/framework/src/Illuminate/Pipeline/Pipeline.php:103
[15-Oct-2017 00:18:58 Asia/Tokyo] PHP  33. Illuminate\Pipeline\Pipeline->Illuminate\Pipeline\{closure}() /home/ubuntu/workspace/microposts_7/vendor/laravel/framework/src/Illuminate/Pipeline/Pipeline.php:103
[15-Oct-2017 00:18:58 Asia/Tokyo] PHP  34. call_user_func_array:{/home/ubuntu/workspace/microposts_7/vendor/laravel/framework/src/Illuminate/Pipeline/Pipeline.php:124}() /home/ubuntu/workspace/microposts_7/vendor/laravel/framework/src/Illuminate/Pipeline/Pipeline.php:124
[15-Oct-2017 00:18:58 Asia/Tokyo] PHP  35. App\Http\Middleware\Authenticate->handle() /home/ubuntu/workspace/microposts_7/vendor/laravel/framework/src/Illuminate/Pipeline/Pipeline.php:124
[15-Oct-2017 00:18:58 Asia/Tokyo] PHP  36. Illuminate\Pipeline\Pipeline->Illuminate\Pipeline\{closure}() /home/ubuntu/workspace/microposts_7/app/Http/Middleware/Authenticate.php:45
[15-Oct-2017 00:18:58 Asia/Tokyo] PHP  37. call_user_func:{/home/ubuntu/workspace/microposts_7/vendor/laravel/framework/src/Illuminate/Pipeline/Pipeline.php:139}() /home/ubuntu/workspace/microposts_7/vendor/laravel/framework/src/Illuminate/Pipeline/Pipeline.php:139
[15-Oct-2017 00:18:58 Asia/Tokyo] PHP  38. Illuminate\Routing\Router->Illuminate\Routing\{closure}() /home/ubuntu/workspace/microposts_7/vendor/laravel/framework/src/Illuminate/Pipeline/Pipeline.php:139
[15-Oct-2017 00:18:58 Asia/Tokyo] PHP  39. Illuminate\Routing\Route->run() /home/ubuntu/workspace/microposts_7/vendor/laravel/framework/src/Illuminate/Routing/Router.php:708
[15-Oct-2017 00:18:58 Asia/Tokyo] PHP  40. Illuminate\Routing\Route->runWithCustomDispatcher() /home/ubuntu/workspace/microposts_7/vendor/laravel/framework/src/Illuminate/Routing/Route.php:134
[15-Oct-2017 00:18:58 Asia/Tokyo] PHP  41. Illuminate\Routing\ControllerDispatcher->dispatch() /home/ubuntu/workspace/microposts_7/vendor/laravel/framework/src/Illuminate/Routing/Route.php:203
[15-Oct-2017 00:18:58 Asia/Tokyo] PHP  42. Illuminate\Routing\ControllerDispatcher->callWithinStack() /home/ubuntu/workspace/microposts_7/vendor/laravel/framework/src/Illuminate/Routing/ControllerDispatcher.php:69
[15-Oct-2017 00:18:58 Asia/Tokyo] PHP  43. Illuminate\Pipeline\Pipeline->then() /home/ubuntu/workspace/microposts_7/vendor/laravel/framework/src/Illuminate/Routing/ControllerDispatcher.php:114
[15-Oct-2017 00:18:58 Asia/Tokyo] PHP  44. call_user_func:{/home/ubuntu/workspace/microposts_7/vendor/laravel/framework/src/Illuminate/Pipeline/Pipeline.php:103}() /home/ubuntu/workspace/microposts_7/vendor/laravel/framework/src/Illuminate/Pipeline/Pipeline.php:103
[15-Oct-2017 00:18:58 Asia/Tokyo] PHP  45. Illuminate\Pipeline\Pipeline->Illuminate\Pipeline\{closure}() /home/ubuntu/workspace/microposts_7/vendor/laravel/framework/src/Illuminate/Pipeline/Pipeline.php:103
[15-Oct-2017 00:18:58 Asia/Tokyo] PHP  46. call_user_func:{/home/ubuntu/workspace/microposts_7/vendor/laravel/framework/src/Illuminate/Pipeline/Pipeline.php:139}() /home/ubuntu/workspace/microposts_7/vendor/laravel/framework/src/Illuminate/Pipeline/Pipeline.php:139
[15-Oct-2017 00:18:58 Asia/Tokyo] PHP  47. Illuminate\Routing\ControllerDispatcher->Illuminate\Routing\{closure}() /home/ubuntu/workspace/microposts_7/vendor/laravel/framework/src/Illuminate/Pipeline/Pipeline.php:139
[15-Oct-2017 00:18:58 Asia/Tokyo] PHP  48. Illuminate\Routing\ControllerDispatcher->call() /home/ubuntu/workspace/microposts_7/vendor/laravel/framework/src/Illuminate/Routing/ControllerDispatcher.php:112
[15-Oct-2017 00:18:58 Asia/Tokyo] PHP  49. Illuminate\Routing\Controller->callAction() /home/ubuntu/workspace/microposts_7/vendor/laravel/framework/src/Illuminate/Routing/ControllerDispatcher.php:164
[15-Oct-2017 00:18:58 Asia/Tokyo] PHP  50. call_user_func_array:{/home/ubuntu/workspace/microposts_7/vendor/laravel/framework/src/Illuminate/Routing/Controller.php:256}() /home/ubuntu/workspace/microposts_7/vendor/laravel/framework/src/Illuminate/Routing/Controller.php:256
[15-Oct-2017 00:18:58 Asia/Tokyo] PHP  51. App\Http\Controllers\UsersController->oki_followings() /home/ubuntu/workspace/microposts_7/vendor/laravel/framework/src/Illuminate/Routing/Controller.php:256
[15-Oct-2017 00:19:18 Asia/Tokyo] PHP Fatal error:  Call to a member function oki_followings() on a non-object in /home/ubuntu/workspace/microposts_7/app/Http/Controllers/UsersController.php on line 75
[15-Oct-2017 00:19:18 Asia/Tokyo] PHP Stack trace:
[15-Oct-2017 00:19:18 Asia/Tokyo] PHP   1. {main}() /home/ubuntu/workspace/microposts_7/server.php:0
[15-Oct-2017 00:19:18 Asia/Tokyo] PHP   2. require_once() /home/ubuntu/workspace/microposts_7/server.php:21
[15-Oct-2017 00:19:18 Asia/Tokyo] PHP   3. Illuminate\Foundation\Http\Kernel->handle() /home/ubuntu/workspace/microposts_7/public/index.php:54
[15-Oct-2017 00:19:18 Asia/Tokyo] PHP   4. Illuminate\Foundation\Http\Kernel->sendRequestThroughRouter() /home/ubuntu/workspace/microposts_7/vendor/laravel/framework/src/Illuminate/Foundation/Http/Kernel.php:87
[15-Oct-2017 00:19:18 Asia/Tokyo] PHP   5. Illuminate\Pipeline\Pipeline->then() /home/ubuntu/workspace/microposts_7/vendor/laravel/framework/src/Illuminate/Foundation/Http/Kernel.php:122
[15-Oct-2017 00:19:18 Asia/Tokyo] PHP   6. call_user_func:{/home/ubuntu/workspace/microposts_7/vendor/laravel/framework/src/Illuminate/Pipeline/Pipeline.php:103}() /home/ubuntu/workspace/microposts_7/vendor/laravel/framework/src/Illuminate/Pipeline/Pipeline.php:103
[15-Oct-2017 00:19:18 Asia/Tokyo] PHP   7. Illuminate\Pipeline\Pipeline->Illuminate\Pipeline\{closure}() /home/ubuntu/workspace/microposts_7/vendor/laravel/framework/src/Illuminate/Pipeline/Pipeline.php:103
[15-Oct-2017 00:19:18 Asia/Tokyo] PHP   8. call_user_func_array:{/home/ubuntu/workspace/microposts_7/vendor/laravel/framework/src/Illuminate/Pipeline/Pipeline.php:124}() /home/ubuntu/workspace/microposts_7/vendor/laravel/framework/src/Illuminate/Pipeline/Pipeline.php:124
[15-Oct-2017 00:19:18 Asia/Tokyo] PHP   9. Illuminate\Foundation\Http\Middleware\CheckForMaintenanceMode->handle() /home/ubuntu/workspace/microposts_7/vendor/laravel/framework/src/Illuminate/Pipeline/Pipeline.php:124
[15-Oct-2017 00:19:18 Asia/Tokyo] PHP  10. Illuminate\Pipeline\Pipeline->Illuminate\Pipeline\{closure}() /home/ubuntu/workspace/microposts_7/vendor/laravel/framework/src/Illuminate/Foundation/Http/Middleware/CheckForMaintenanceMode.php:44
[15-Oct-2017 00:19:18 Asia/Tokyo] PHP  11. call_user_func_array:{/home/ubuntu/workspace/microposts_7/vendor/laravel/framework/src/Illuminate/Pipeline/Pipeline.php:124}() /home/ubuntu/workspace/microposts_7/vendor/laravel/framework/src/Illuminate/Pipeline/Pipeline.php:124
[15-Oct-2017 00:19:18 Asia/Tokyo] PHP  12. Illuminate\Cookie\Middleware\EncryptCookies->handle() /home/ubuntu/workspace/microposts_7/vendor/laravel/framework/src/Illuminate/Pipeline/Pipeline.php:124
[15-Oct-2017 00:19:18 Asia/Tokyo] PHP  13. Illuminate\Pipeline\Pipeline->Illuminate\Pipeline\{closure}() /home/ubuntu/workspace/microposts_7/vendor/laravel/framework/src/Illuminate/Cookie/Middleware/EncryptCookies.php:59
[15-Oct-2017 00:19:18 Asia/Tokyo] PHP  14. call_user_func_array:{/home/ubuntu/workspace/microposts_7/vendor/laravel/framework/src/Illuminate/Pipeline/Pipeline.php:124}() /home/ubuntu/workspace/microposts_7/vendor/laravel/framework/src/Illuminate/Pipeline/Pipeline.php:124
[15-Oct-2017 00:19:18 Asia/Tokyo] PHP  15. Illuminate\Cookie\Middleware\AddQueuedCookiesToResponse->handle() /home/ubuntu/workspace/microposts_7/vendor/laravel/framework/src/Illuminate/Pipeline/Pipeline.php:124
[15-Oct-2017 00:19:18 Asia/Tokyo] PHP  16. Illuminate\Pipeline\Pipeline->Illuminate\Pipeline\{closure}() /home/ubuntu/workspace/microposts_7/vendor/laravel/framework/src/Illuminate/Cookie/Middleware/AddQueuedCookiesToResponse.php:37
[15-Oct-2017 00:19:18 Asia/Tokyo] PHP  17. call_user_func_array:{/home/ubuntu/workspace/microposts_7/vendor/laravel/framework/src/Illuminate/Pipeline/Pipeline.php:124}() /home/ubuntu/workspace/microposts_7/vendor/laravel/framework/src/Illuminate/Pipeline/Pipeline.php:124
[15-Oct-2017 00:19:18 Asia/Tokyo] PHP  18. Illuminate\Session\Middleware\StartSession->handle() /home/ubuntu/workspace/microposts_7/vendor/laravel/framework/src/Illuminate/Pipeline/Pipeline.php:124
[15-Oct-2017 00:19:18 Asia/Tokyo] PHP  19. Illuminate\Pipeline\Pipeline->Illuminate\Pipeline\{closure}() /home/ubuntu/workspace/microposts_7/vendor/laravel/framework/src/Illuminate/Session/Middleware/StartSession.php:62
[15-Oct-2017 00:19:18 Asia/Tokyo] PHP  20. call_user_func_array:{/home/ubuntu/workspace/microposts_7/vendor/laravel/framework/src/Illuminate/Pipeline/Pipeline.php:124}() /home/ubuntu/workspace/microposts_7/vendor/laravel/framework/src/Illuminate/Pipeline/Pipeline.php:124
[15-Oct-2017 00:19:18 Asia/Tokyo] PHP  21. Illuminate\View\Middleware\ShareErrorsFromSession->handle() /home/ubuntu/workspace/microposts_7/vendor/laravel/framework/src/Illuminate/Pipeline/Pipeline.php:124
[15-Oct-2017 00:19:18 Asia/Tokyo] PHP  22. Illuminate\Pipeline\Pipeline->Illuminate\Pipeline\{closure}() /home/ubuntu/workspace/microposts_7/vendor/laravel/framework/src/Illuminate/View/Middleware/ShareErrorsFromSession.php:49
[15-Oct-2017 00:19:18 Asia/Tokyo] PHP  23. call_user_func_array:{/home/ubuntu/workspace/microposts_7/vendor/laravel/framework/src/Illuminate/Pipeline/Pipeline.php:124}() /home/ubuntu/workspace/microposts_7/vendor/laravel/framework/src/Illuminate/Pipeline/Pipeline.php:124
[15-Oct-2017 00:19:18 Asia/Tokyo] PHP  24. Illuminate\Foundation\Http\Middleware\VerifyCsrfToken->handle() /home/ubuntu/workspace/microposts_7/vendor/laravel/framework/src/Illuminate/Pipeline/Pipeline.php:124
[15-Oct-2017 00:19:18 Asia/Tokyo] PHP  25. Illuminate\Pipeline\Pipeline->Illuminate\Pipeline\{closure}() /home/ubuntu/workspace/microposts_7/vendor/laravel/framework/src/Illuminate/Foundation/Http/Middleware/VerifyCsrfToken.php:50
[15-Oct-2017 00:19:18 Asia/Tokyo] PHP  26. call_user_func:{/home/ubuntu/workspace/microposts_7/vendor/laravel/framework/src/Illuminate/Pipeline/Pipeline.php:139}() /home/ubuntu/workspace/microposts_7/vendor/laravel/framework/src/Illuminate/Pipeline/Pipeline.php:139
[15-Oct-2017 00:19:18 Asia/Tokyo] PHP  27. Illuminate\Foundation\Http\Kernel->Illuminate\Foundation\Http\{closure}() /home/ubuntu/workspace/microposts_7/vendor/laravel/framework/src/Illuminate/Pipeline/Pipeline.php:139
[15-Oct-2017 00:19:18 Asia/Tokyo] PHP  28. Illuminate\Routing\Router->dispatch() /home/ubuntu/workspace/microposts_7/vendor/laravel/framework/src/Illuminate/Foundation/Http/Kernel.php:236
[15-Oct-2017 00:19:18 Asia/Tokyo] PHP  29. Illuminate\Routing\Router->dispatchToRoute() /home/ubuntu/workspace/microposts_7/vendor/laravel/framework/src/Illuminate/Routing/Router.php:635
[15-Oct-2017 00:19:18 Asia/Tokyo] PHP  30. Illuminate\Routing\Router->runRouteWithinStack() /home/ubuntu/workspace/microposts_7/vendor/laravel/framework/src/Illuminate/Routing/Router.php:675
[15-Oct-2017 00:19:18 Asia/Tokyo] PHP  31. Illuminate\Pipeline\Pipeline->then() /home/ubuntu/workspace/microposts_7/vendor/laravel/framework/src/Illuminate/Routing/Router.php:710
[15-Oct-2017 00:19:18 Asia/Tokyo] PHP  32. call_user_func:{/home/ubuntu/workspace/microposts_7/vendor/laravel/framework/src/Illuminate/Pipeline/Pipeline.php:103}() /home/ubuntu/workspace/microposts_7/vendor/laravel/framework/src/Illuminate/Pipeline/Pipeline.php:103
[15-Oct-2017 00:19:18 Asia/Tokyo] PHP  33. Illuminate\Pipeline\Pipeline->Illuminate\Pipeline\{closure}() /home/ubuntu/workspace/microposts_7/vendor/laravel/framework/src/Illuminate/Pipeline/Pipeline.php:103
[15-Oct-2017 00:19:18 Asia/Tokyo] PHP  34. call_user_func_array:{/home/ubuntu/workspace/microposts_7/vendor/laravel/framework/src/Illuminate/Pipeline/Pipeline.php:124}() /home/ubuntu/workspace/microposts_7/vendor/laravel/framework/src/Illuminate/Pipeline/Pipeline.php:124
[15-Oct-2017 00:19:18 Asia/Tokyo] PHP  35. App\Http\Middleware\Authenticate->handle() /home/ubuntu/workspace/microposts_7/vendor/laravel/framework/src/Illuminate/Pipeline/Pipeline.php:124
[15-Oct-2017 00:19:18 Asia/Tokyo] PHP  36. Illuminate\Pipeline\Pipeline->Illuminate\Pipeline\{closure}() /home/ubuntu/workspace/microposts_7/app/Http/Middleware/Authenticate.php:45
[15-Oct-2017 00:19:18 Asia/Tokyo] PHP  37. call_user_func:{/home/ubuntu/workspace/microposts_7/vendor/laravel/framework/src/Illuminate/Pipeline/Pipeline.php:139}() /home/ubuntu/workspace/microposts_7/vendor/laravel/framework/src/Illuminate/Pipeline/Pipeline.php:139
[15-Oct-2017 00:19:18 Asia/Tokyo] PHP  38. Illuminate\Routing\Router->Illuminate\Routing\{closure}() /home/ubuntu/workspace/microposts_7/vendor/laravel/framework/src/Illuminate/Pipeline/Pipeline.php:139
[15-Oct-2017 00:19:18 Asia/Tokyo] PHP  39. Illuminate\Routing\Route->run() /home/ubuntu/workspace/microposts_7/vendor/laravel/framework/src/Illuminate/Routing/Router.php:708
[15-Oct-2017 00:19:18 Asia/Tokyo] PHP  40. Illuminate\Routing\Route->runWithCustomDispatcher() /home/ubuntu/workspace/microposts_7/vendor/laravel/framework/src/Illuminate/Routing/Route.php:134
[15-Oct-2017 00:19:18 Asia/Tokyo] PHP  41. Illuminate\Routing\ControllerDispatcher->dispatch() /home/ubuntu/workspace/microposts_7/vendor/laravel/framework/src/Illuminate/Routing/Route.php:203
[15-Oct-2017 00:19:18 Asia/Tokyo] PHP  42. Illuminate\Routing\ControllerDispatcher->callWithinStack() /home/ubuntu/workspace/microposts_7/vendor/laravel/framework/src/Illuminate/Routing/ControllerDispatcher.php:69
[15-Oct-2017 00:19:18 Asia/Tokyo] PHP  43. Illuminate\Pipeline\Pipeline->then() /home/ubuntu/workspace/microposts_7/vendor/laravel/framework/src/Illuminate/Routing/ControllerDispatcher.php:114
[15-Oct-2017 00:19:18 Asia/Tokyo] PHP  44. call_user_func:{/home/ubuntu/workspace/microposts_7/vendor/laravel/framework/src/Illuminate/Pipeline/Pipeline.php:103}() /home/ubuntu/workspace/microposts_7/vendor/laravel/framework/src/Illuminate/Pipeline/Pipeline.php:103
[15-Oct-2017 00:19:18 Asia/Tokyo] PHP  45. Illuminate\Pipeline\Pipeline->Illuminate\Pipeline\{closure}() /home/ubuntu/workspace/microposts_7/vendor/laravel/framework/src/Illuminate/Pipeline/Pipeline.php:103
[15-Oct-2017 00:19:18 Asia/Tokyo] PHP  46. call_user_func:{/home/ubuntu/workspace/microposts_7/vendor/laravel/framework/src/Illuminate/Pipeline/Pipeline.php:139}() /home/ubuntu/workspace/microposts_7/vendor/laravel/framework/src/Illuminate/Pipeline/Pipeline.php:139
[15-Oct-2017 00:19:18 Asia/Tokyo] PHP  47. Illuminate\Routing\ControllerDispatcher->Illuminate\Routing\{closure}() /home/ubuntu/workspace/microposts_7/vendor/laravel/framework/src/Illuminate/Pipeline/Pipeline.php:139
[15-Oct-2017 00:19:18 Asia/Tokyo] PHP  48. Illuminate\Routing\ControllerDispatcher->call() /home/ubuntu/workspace/microposts_7/vendor/laravel/framework/src/Illuminate/Routing/ControllerDispatcher.php:112
[15-Oct-2017 00:19:18 Asia/Tokyo] PHP  49. Illuminate\Routing\Controller->callAction() /home/ubuntu/workspace/microposts_7/vendor/laravel/framework/src/Illuminate/Routing/ControllerDispatcher.php:164
[15-Oct-2017 00:19:18 Asia/Tokyo] PHP  50. call_user_func_array:{/home/ubuntu/workspace/microposts_7/vendor/laravel/framework/src/Illuminate/Routing/Controller.php:256}() /home/ubuntu/workspace/microposts_7/vendor/laravel/framework/src/Illuminate/Routing/Controller.php:256
[15-Oct-2017 00:19:18 Asia/Tokyo] PHP  51. App\Http\Controllers\UsersController->oki_followings() /home/ubuntu/workspace/microposts_7/vendor/laravel/framework/src/Illuminate/Routing/Controller.php:256
[15-Oct-2017 19:23:17 Asia/Tokyo] PHP Parse error:  syntax error, unexpected 'dd' (T_STRING) in /home/ubuntu/workspace/microposts_7/app/Http/Controllers/UsersController.php on line 82
[15-Oct-2017 19:23:17 Asia/Tokyo] PHP Stack trace:
[15-Oct-2017 19:23:17 Asia/Tokyo] PHP   1. {main}() /home/ubuntu/workspace/microposts_7/server.php:0
[15-Oct-2017 19:23:17 Asia/Tokyo] PHP   2. require_once() /home/ubuntu/workspace/microposts_7/server.php:21
[15-Oct-2017 19:23:17 Asia/Tokyo] PHP   3. Illuminate\Foundation\Http\Kernel->handle() /home/ubuntu/workspace/microposts_7/public/index.php:54
[15-Oct-2017 19:23:17 Asia/Tokyo] PHP   4. Illuminate\Foundation\Http\Kernel->sendRequestThroughRouter() /home/ubuntu/workspace/microposts_7/vendor/laravel/framework/src/Illuminate/Foundation/Http/Kernel.php:87
[15-Oct-2017 19:23:17 Asia/Tokyo] PHP   5. Illuminate\Pipeline\Pipeline->then() /home/ubuntu/workspace/microposts_7/vendor/laravel/framework/src/Illuminate/Foundation/Http/Kernel.php:122
[15-Oct-2017 19:23:17 Asia/Tokyo] PHP   6. call_user_func:{/home/ubuntu/workspace/microposts_7/vendor/laravel/framework/src/Illuminate/Pipeline/Pipeline.php:103}() /home/ubuntu/workspace/microposts_7/vendor/laravel/framework/src/Illuminate/Pipeline/Pipeline.php:103
[15-Oct-2017 19:23:17 Asia/Tokyo] PHP   7. Illuminate\Pipeline\Pipeline->Illuminate\Pipeline\{closure}() /home/ubuntu/workspace/microposts_7/vendor/laravel/framework/src/Illuminate/Pipeline/Pipeline.php:103
[15-Oct-2017 19:23:17 Asia/Tokyo] PHP   8. call_user_func_array:{/home/ubuntu/workspace/microposts_7/vendor/laravel/framework/src/Illuminate/Pipeline/Pipeline.php:124}() /home/ubuntu/workspace/microposts_7/vendor/laravel/framework/src/Illuminate/Pipeline/Pipeline.php:124
[15-Oct-2017 19:23:17 Asia/Tokyo] PHP   9. Illuminate\Foundation\Http\Middleware\CheckForMaintenanceMode->handle() /home/ubuntu/workspace/microposts_7/vendor/laravel/framework/src/Illuminate/Pipeline/Pipeline.php:124
[15-Oct-2017 19:23:17 Asia/Tokyo] PHP  10. Illuminate\Pipeline\Pipeline->Illuminate\Pipeline\{closure}() /home/ubuntu/workspace/microposts_7/vendor/laravel/framework/src/Illuminate/Foundation/Http/Middleware/CheckForMaintenanceMode.php:44
[15-Oct-2017 19:23:17 Asia/Tokyo] PHP  11. call_user_func_array:{/home/ubuntu/workspace/microposts_7/vendor/laravel/framework/src/Illuminate/Pipeline/Pipeline.php:124}() /home/ubuntu/workspace/microposts_7/vendor/laravel/framework/src/Illuminate/Pipeline/Pipeline.php:124
[15-Oct-2017 19:23:17 Asia/Tokyo] PHP  12. Illuminate\Cookie\Middleware\EncryptCookies->handle() /home/ubuntu/workspace/microposts_7/vendor/laravel/framework/src/Illuminate/Pipeline/Pipeline.php:124
[15-Oct-2017 19:23:17 Asia/Tokyo] PHP  13. Illuminate\Pipeline\Pipeline->Illuminate\Pipeline\{closure}() /home/ubuntu/workspace/microposts_7/vendor/laravel/framework/src/Illuminate/Cookie/Middleware/EncryptCookies.php:59
[15-Oct-2017 19:23:17 Asia/Tokyo] PHP  14. call_user_func_array:{/home/ubuntu/workspace/microposts_7/vendor/laravel/framework/src/Illuminate/Pipeline/Pipeline.php:124}() /home/ubuntu/workspace/microposts_7/vendor/laravel/framework/src/Illuminate/Pipeline/Pipeline.php:124
[15-Oct-2017 19:23:17 Asia/Tokyo] PHP  15. Illuminate\Cookie\Middleware\AddQueuedCookiesToResponse->handle() /home/ubuntu/workspace/microposts_7/vendor/laravel/framework/src/Illuminate/Pipeline/Pipeline.php:124
[15-Oct-2017 19:23:17 Asia/Tokyo] PHP  16. Illuminate\Pipeline\Pipeline->Illuminate\Pipeline\{closure}() /home/ubuntu/workspace/microposts_7/vendor/laravel/framework/src/Illuminate/Cookie/Middleware/AddQueuedCookiesToResponse.php:37
[15-Oct-2017 19:23:17 Asia/Tokyo] PHP  17. call_user_func_array:{/home/ubuntu/workspace/microposts_7/vendor/laravel/framework/src/Illuminate/Pipeline/Pipeline.php:124}() /home/ubuntu/workspace/microposts_7/vendor/laravel/framework/src/Illuminate/Pipeline/Pipeline.php:124
[15-Oct-2017 19:23:17 Asia/Tokyo] PHP  18. Illuminate\Session\Middleware\StartSession->handle() /home/ubuntu/workspace/microposts_7/vendor/laravel/framework/src/Illuminate/Pipeline/Pipeline.php:124
[15-Oct-2017 19:23:17 Asia/Tokyo] PHP  19. Illuminate\Pipeline\Pipeline->Illuminate\Pipeline\{closure}() /home/ubuntu/workspace/microposts_7/vendor/laravel/framework/src/Illuminate/Session/Middleware/StartSession.php:62
[15-Oct-2017 19:23:17 Asia/Tokyo] PHP  20. call_user_func_array:{/home/ubuntu/workspace/microposts_7/vendor/laravel/framework/src/Illuminate/Pipeline/Pipeline.php:124}() /home/ubuntu/workspace/microposts_7/vendor/laravel/framework/src/Illuminate/Pipeline/Pipeline.php:124
[15-Oct-2017 19:23:17 Asia/Tokyo] PHP  21. Illuminate\View\Middleware\ShareErrorsFromSession->handle() /home/ubuntu/workspace/microposts_7/vendor/laravel/framework/src/Illuminate/Pipeline/Pipeline.php:124
[15-Oct-2017 19:23:17 Asia/Tokyo] PHP  22. Illuminate\Pipeline\Pipeline->Illuminate\Pipeline\{closure}() /home/ubuntu/workspace/microposts_7/vendor/laravel/framework/src/Illuminate/View/Middleware/ShareErrorsFromSession.php:49
[15-Oct-2017 19:23:17 Asia/Tokyo] PHP  23. call_user_func_array:{/home/ubuntu/workspace/microposts_7/vendor/laravel/framework/src/Illuminate/Pipeline/Pipeline.php:124}() /home/ubuntu/workspace/microposts_7/vendor/laravel/framework/src/Illuminate/Pipeline/Pipeline.php:124
[15-Oct-2017 19:23:17 Asia/Tokyo] PHP  24. Illuminate\Foundation\Http\Middleware\VerifyCsrfToken->handle() /home/ubuntu/workspace/microposts_7/vendor/laravel/framework/src/Illuminate/Pipeline/Pipeline.php:124
[15-Oct-2017 19:23:17 Asia/Tokyo] PHP  25. Illuminate\Pipeline\Pipeline->Illuminate\Pipeline\{closure}() /home/ubuntu/workspace/microposts_7/vendor/laravel/framework/src/Illuminate/Foundation/Http/Middleware/VerifyCsrfToken.php:50
[15-Oct-2017 19:23:17 Asia/Tokyo] PHP  26. call_user_func:{/home/ubuntu/workspace/microposts_7/vendor/laravel/framework/src/Illuminate/Pipeline/Pipeline.php:139}() /home/ubuntu/workspace/microposts_7/vendor/laravel/framework/src/Illuminate/Pipeline/Pipeline.php:139
[15-Oct-2017 19:23:17 Asia/Tokyo] PHP  27. Illuminate\Foundation\Http\Kernel->Illuminate\Foundation\Http\{closure}() /home/ubuntu/workspace/microposts_7/vendor/laravel/framework/src/Illuminate/Pipeline/Pipeline.php:139
[15-Oct-2017 19:23:17 Asia/Tokyo] PHP  28. Illuminate\Routing\Router->dispatch() /home/ubuntu/workspace/microposts_7/vendor/laravel/framework/src/Illuminate/Foundation/Http/Kernel.php:236
[15-Oct-2017 19:23:17 Asia/Tokyo] PHP  29. Illuminate\Routing\Router->dispatchToRoute() /home/ubuntu/workspace/microposts_7/vendor/laravel/framework/src/Illuminate/Routing/Router.php:635
[15-Oct-2017 19:23:17 Asia/Tokyo] PHP  30. Illuminate\Routing\Router->runRouteWithinStack() /home/ubuntu/workspace/microposts_7/vendor/laravel/framework/src/Illuminate/Routing/Router.php:675
[15-Oct-2017 19:23:17 Asia/Tokyo] PHP  31. Illuminate\Pipeline\Pipeline->then() /home/ubuntu/workspace/microposts_7/vendor/laravel/framework/src/Illuminate/Routing/Router.php:710
[15-Oct-2017 19:23:17 Asia/Tokyo] PHP  32. call_user_func:{/home/ubuntu/workspace/microposts_7/vendor/laravel/framework/src/Illuminate/Pipeline/Pipeline.php:103}() /home/ubuntu/workspace/microposts_7/vendor/laravel/framework/src/Illuminate/Pipeline/Pipeline.php:103
[15-Oct-2017 19:23:17 Asia/Tokyo] PHP  33. Illuminate\Pipeline\Pipeline->Illuminate\Pipeline\{closure}() /home/ubuntu/workspace/microposts_7/vendor/laravel/framework/src/Illuminate/Pipeline/Pipeline.php:103
[15-Oct-2017 19:23:17 Asia/Tokyo] PHP  34. call_user_func_array:{/home/ubuntu/workspace/microposts_7/vendor/laravel/framework/src/Illuminate/Pipeline/Pipeline.php:124}() /home/ubuntu/workspace/microposts_7/vendor/laravel/framework/src/Illuminate/Pipeline/Pipeline.php:124
[15-Oct-2017 19:23:17 Asia/Tokyo] PHP  35. App\Http\Middleware\Authenticate->handle() /home/ubuntu/workspace/microposts_7/vendor/laravel/framework/src/Illuminate/Pipeline/Pipeline.php:124
[15-Oct-2017 19:23:17 Asia/Tokyo] PHP  36. Illuminate\Pipeline\Pipeline->Illuminate\Pipeline\{closure}() /home/ubuntu/workspace/microposts_7/app/Http/Middleware/Authenticate.php:45
[15-Oct-2017 19:23:17 Asia/Tokyo] PHP  37. call_user_func:{/home/ubuntu/workspace/microposts_7/vendor/laravel/framework/src/Illuminate/Pipeline/Pipeline.php:139}() /home/ubuntu/workspace/microposts_7/vendor/laravel/framework/src/Illuminate/Pipeline/Pipeline.php:139
[15-Oct-2017 19:23:17 Asia/Tokyo] PHP  38. Illuminate\Routing\Router->Illuminate\Routing\{closure}() /home/ubuntu/workspace/microposts_7/vendor/laravel/framework/src/Illuminate/Pipeline/Pipeline.php:139
[15-Oct-2017 19:23:17 Asia/Tokyo] PHP  39. Illuminate\Routing\Route->run() /home/ubuntu/workspace/microposts_7/vendor/laravel/framework/src/Illuminate/Routing/Router.php:708
[15-Oct-2017 19:23:17 Asia/Tokyo] PHP  40. Illuminate\Routing\Route->runWithCustomDispatcher() /home/ubuntu/workspace/microposts_7/vendor/laravel/framework/src/Illuminate/Routing/Route.php:134
[15-Oct-2017 19:23:17 Asia/Tokyo] PHP  41. Illuminate\Routing\ControllerDispatcher->dispatch() /home/ubuntu/workspace/microposts_7/vendor/laravel/framework/src/Illuminate/Routing/Route.php:203
[15-Oct-2017 19:23:17 Asia/Tokyo] PHP  42. Illuminate\Routing\ControllerDispatcher->makeController() /home/ubuntu/workspace/microposts_7/vendor/laravel/framework/src/Illuminate/Routing/ControllerDispatcher.php:57
[15-Oct-2017 19:23:17 Asia/Tokyo] PHP  43. Illuminate\Foundation\Application->make() /home/ubuntu/workspace/microposts_7/vendor/laravel/framework/src/Illuminate/Routing/ControllerDispatcher.php:85
[15-Oct-2017 19:23:17 Asia/Tokyo] PHP  44. Illuminate\Container\Container->make() /home/ubuntu/workspace/microposts_7/vendor/laravel/framework/src/Illuminate/Foundation/Application.php:674
[15-Oct-2017 19:23:17 Asia/Tokyo] PHP  45. Illuminate\Container\Container->build() /home/ubuntu/workspace/microposts_7/vendor/laravel/framework/src/Illuminate/Container/Container.php:631
[15-Oct-2017 19:23:17 Asia/Tokyo] PHP  46. ReflectionClass->__construct() /home/ubuntu/workspace/microposts_7/vendor/laravel/framework/src/Illuminate/Container/Container.php:741
[15-Oct-2017 19:23:17 Asia/Tokyo] PHP  47. spl_autoload_call() /home/ubuntu/workspace/microposts_7/vendor/laravel/framework/src/Illuminate/Container/Container.php:741
[15-Oct-2017 19:23:17 Asia/Tokyo] PHP  48. Composer\Autoload\ClassLoader->loadClass() /home/ubuntu/workspace/microposts_7/vendor/laravel/framework/src/Illuminate/Container/Container.php:741
[15-Oct-2017 19:23:17 Asia/Tokyo] PHP  49. Composer\Autoload\includeFile() /home/ubuntu/workspace/microposts_7/vendor/composer/ClassLoader.php:322
